FILE: problem11.in
Max Score: 
32013832.23
KnapSack: 
BXHH
CVCC
BMEG
DGFH
BBQN
DFMC
BXUC
DADF
BQYH
CMTB
BZHB
BPGT
CLWM
ANEX
BIXX
AVWB
CYQZ
BRVC
ADGI
BNIX
BHWO
BCFG
CATN
ALMR
BEBS
ABWD
CJDC
AFNF
AWIA
CIKS
AARV
ASCW
BZWS
ABLO
BNBM
AADQ
ADDX
CLIP
AMVN
AWTX
BRFI
CDHV
DJLQ
AYHX
BSAH
CQQN
COYX
ACII
AESP
AFWQ
CVWL
BODR
ANTA
AKES
BTSR
CFRP
AGEQ
BEDK
CWCH
CEPV
AHEO
BOJK
CFFA
AMKN
AOWD
AHTZ
AOBE
CBXE
ANKJ
BOXN
AKSE
ASJC
AEGK
BHGJ
AHNG
CJFD
CHRY
DHDR
DHFV
BVWF
DGOY
CRZP
AKCH
BNPI
AJOQ
BEPB
AHNJ
DDJC
BMDG
DDXG
BTOU
DISS
ALYX
BEFE
CCWF
CUWM
AMOS
DIWS
AJLY
CDAG
DHJG
BPMZ
AOOY
CPVD
CMGO
DJXP
AWRE
CGJN
BUPF
AAXG
DGHU
DFQR
CQGQ
AZFM
CPEJ
BYXO
BZBG
ANJN
ASWE
BVUH
BSSC
BCKF
CAPU
CTBC
BJJO
DKGT
DAKP
AIGO
CQML
AHCQ
BTVV
ABBA
BGOD
AMXU
ACLK
CMLA
CIGA
ACIH
CSUJ
DGZC
CNDH
ABTI
AZHH
AQTE
DHCR
CFBO
AMXC
BEQR
AQUG
CGDJ
CZVG
DAPL
CSAG
BSNK
CGCG
CTGH
COCA
DEWZ
ALHH
AOZF
BQUJ
CFAE
CUIL
AANL
CLAI
AQZM
DCAP
BGMB
ACFQ
CGGL
BAMD
BAQN
CLTQ
CCNS
DCPB
AUAO
AZRE
BIGD
BSLQ
CXWP
BRDT
CXQI
AESU
AZZP
CIEC
CYXJ
BZMN
BKUS
CJIM
BJCM
CFBY
DASQ
CSCU
DGZH
BZCY
BRXZ
BJDV
BQEJ
ATWI
CVOC
BZZA
AXZX
CJAM
BCZW
AODD
DGTI
ARMQ
BJLL
AJWK
ACRC
AGDH
ACTE
BEOV
CHRU
BRHS
CWQG
DDSR
BXVU
AXBO
AHBG
AGSS
DHDD
BXFG
BIYW
CNXA
BKUM
BXJN
DDTQ
AMJD
DHUH
BUGH
BPOP
CXYV
AXHE
AMZC
CBKH
BNTE
CINF
DINP
CTKU
COWH
CCAJ
DALM
DBIR
CQQJ
DAOD
BNMM
BXLP
AJRD
BUQE
CGNG
DILB
CPVJ
CFKV
CVEI
AYDI
BWNZ
BCPQ
BJNI
BMSY
AJLP
BEAN
CVDC
AOOB
BCAW
DCWL
AEPB
CASU
BSWO
BTYZ
AMQB
DGQK
BVEJ
CHGX
AOCK
BWAV
CYCW
AXBN
BURT
CJSI
BZVX
BDUK
CABD
CSCH
BTZR
BZCI
CZDS
CSFX
BDEI
BLJN
BRAA
AUEV
CSKW
ARDA
AHMT
DCOW
CMWQ
BANI
AIZB
BXVJ
CKCO
DBGS
BFBY
DIND
AHRE
AGSN
AEOF
AUKG
AHBX
APLH
APMU
CZAC
ATCY
BBCA
BSOD
AYNK
AITT
CQBJ
DGSK
BVZE
AGYL
AUEE
CNTP
CPOE
ABSR
BCQJ
ABUT
AENG
BJNJ
DEPK
AQYO
BMOW
CATX
BXVO
BJZR
CQFH
ANZC
BNQX
BJKT
CXRL
BJCL
CWVF
ATBL
CXJL
CLNX
BWZD
DKGZ
DAYM
BCEV
CAHK
CKXT
CSMN
DIYD
CQZT
DBAG
DIXB
AKAA
BLPI
CYIC
AXNT
BIOS
CJGY
CFRF
ASQP
CRZR
BMUH
BBSX
CSHR
BRJZ
ANRQ
CFLM
BJLY
BITU
CRGU
BWVP
AMEK
DFDY
BBKG
AQEP
BYNS
AWWW
BZQM
BJXM
BTTT
DKLK
DGOK
CCID
CMXH
ADNN
BLAA
DKFX
CPUM
BIBX
CPGY
AGDT
DBNF
CMVT
AXEI
AEHK
BRCR
CVLU
DBQI
DKTC
CGMN
CGFP
CKYJ
DGNM
BACU
DHGW
ADCF
CKOP
ACTV
ABXJ
COXW
AFVH
DEEN
CZXT
BDYI
CKHD
AYBA
CGPC
CKZV
AUPJ
CYUW
CEGF
ASIO
CDYV
ACZB
ASKN
CWGJ
CKCN
AFHG
AMOM
CYYN
ARMO
BJFD
CAKE
AVWW
CACE
BQIJ
CFFR
BPWA
BHRV
BKAL
DEHH
ALQG
CHOB
BQZY
ADBM
CJOO
CQFK
CLBK
DGPW
CANJ
APEL
BWZZ
BBRO
DINX
BDVS
ATEK
DFBX
CQQQ
BUMF
CQBO
BRQT
AJTW
BFKQ
BXXM
ATRR
DBJS
AUQI
AEBR
BJOD
AQKH
DIVO
BTNX
CFAU
CFNO
BVNC
CLFS
BAAL
CSFP
CNGG
BIHR
CNTJ
AEJY
AVVQ
CQOK
CJFN
DCBT
BUBC
BHCM
AUSX
BPYJ
BIGI
BKXZ
DJUP
BXPD
BUDA
ADTL
AKJQ
ABNQ
CEAI
BAFV
BYGL
BDUB
CQZN
BCYV
AUBM
BBPI
DEGL
CQLU
CHYL
CRMB
AEKM
CGRP
AHZS
BRET
ABIO
APSD
CSYF
BQWK
ACGB
COKZ
AUVK
CKKG
CQAQ
BGPE
AIUI
ABOA
BQBM
CNSY
CWTA
AUAD
AZSS
BPHI
BPOX
CSKK
AKLN
AAUR
BGLX
AKMN
CUMM
BJWL
AJJP
AHPB
AFNG
CIAQ
BQDE
BNQV
AYOH
CXEL
CPOH
AZUE
BBQT
DAJC
BUEI
ARVS
CWBA
AWKS
DAHC
AICE
BHLK
BNJW
DFVR
AZJB
BFUJ
CXDB
CJCU
BLGK
DEWP
BAXW
BTNE
ADBS
AFJD
AVKU
BBTZ
ARYC
DGKI
AQNX
ALZU
CHKJ
AWNO
CWJD
CCNB
BYXM
DKBV
CYEV
BAPO
ALGU
CFQY
BEVQ
AGQA
ALIZ
DEHA
BNEG
BTDM
CELW
ATXR
DCNB
CTZX
ABPR
DDXS
BERI
BEZU
AWGQ
CAVG
DDPU
BIRV
BXSO
CNRQ
AEYM
ARCC
CVML
BHAK
CMYO
BTLM
CCPI
CVKN
AIOO
BUAJ
ARCL
ATRL
CLNR
AGYR
DBXY
AKRC
DFFT
BQPT
BLWP
AVUZ
COFB
AZXU
ANKT
BKQM
ALZD
ANNJ
AITD
AGKV
AZBD
CIRZ
CZUR
CGUA
ADGT
CWXO
ANRC
BGBU
BZXZ
CUFD
CUGP
ACAE
BHWF
CLOE
AKYC
BSZM
BXHP
ACTP
ASWP
AGPK
AIXF
AJFW
ARDO
CEYE
BKJP
AKKA
BDPM
CCQG
AASV
BWUE
CTKW
CIFJ
AODY
AMXI
BRXD
CDWR
BQSK
BIYV
ALEB
BWDS
BVAD
BSRE
DFIU
AOYR
BVWP
CAWG
ATYC
ASAA
AGHM
COUL
ARAE
BWRF
BBNR
DAFQ
CSSW
AFEK
BXOX
BXBU
BMUL
CRCV
AIDM
AFBA
DAOH
CUAE
CCNQ
COWR
CCRH
ABSW
CDQZ
CXEM
BQWE
AUPL
CBPD
BXCM
BSMB
CJZF
DHTJ
AOLW
CSXA
CYDY
AMRB
CHJO
CDFJ
BGGB
AWHU
AKBZ
BSBI
CGEC
AFTC
BFLH
BXIB
ABPZ
DFMY
AYLK
DGRB
BBUY
BECJ
CLWP
BXQK
CPSE
CTMS
AFAV
BGLE
BSED
BYGV
CMAM
ADAI
ALDF
DIHH
BCDU
ACJV
CZEX
BEHC
AYRG
ARSB
BRUP
AFYT
BMQN
BXYY
AOVN
CZAX
CKLH
BTLV
BJMK
CLWX
DFUU
BVOC
APVU
BZKL
CVZA
ATEV
BVFB
DCZB
AUQX
AQXM
AFUK
BFEI
BYVT
AKVB
ATER
DKCA
BSGD
AGIZ
CUDK
BRCO
APAA
BQXI
COBU
AETV
BDCH
BAXC
CEWE
AAJJ
BWLH
CKJF
AALQ
CMRF
BFQE
BOST
ACCY
BJNW
BMNA
CUUV
AYTM
AKDR
DCXG
CUQU
CVIK
ASBR
BLHB
CAGM
CAAZ
BHMS
BXMT
AGXR
ACDB
BCXB
AIKC
CSRX
AZCY
BLDZ
ALDR
BDJT
ARIR
BOGF
CYVZ
AZLW
CJTV
BIVE
DFFA
BTDE
BADI
CDPB
CFWU
CZBB
BGQI
DCWR
ACXE
AQPY
AXHZ
CNPJ
AFJE
CNNF
CZAL
CKQD
BYZK
APUB
AVLR
CEVG
BWWU
BPFN
AEBK
CCZO
DFMW
BZPM
CTGT
DJTK
BAHV
BHTJ
CTDK
CUZM
AQNG
BMGX
BWUA
DDZR
AGUV
AEFK
AUTS
BEUC
DCFV
CXDQ
AAKN
CQTV
BHVF
COGF
CYSF
AFYM
AUYI
AUOP
BDJS
AERP
CIWR
BSGC
CYRY
BACH
CYYA
BMRB
BUNW
AHGN
CVYY
CZVS
DGGN
CQCD
BFIJ
CNRF
CTOM
AOCO
AAZH
CZTN
CAVS
BQVF
BNUP
CWWL
CWWO
AOBJ
BEIL
BDNN
BTVS
BWZJ
AEUA
CNAR
BGJZ
APQY
CFHV
AOXI
AVZE
DHEY
AUYU
AGZL
CEUB
ATZT
BWJL
DFSW
DDNA
ANAO
CQWA
AZKB
BRHO
DIDU
BLVG
BNSB
AWZU
AUEM
AHAD
ANVT
CGOF
AORS
CBZC
AJOA
AXHP
AAGP
BEOL
AZYR
CGCT
DECP
BPYD
CZVZ
CICY
BRWH
AUOB
ARMZ
BJZY
BKVM
CEQQ
ALPY
APTA
BUAI
BIYR
AWSE
AHWC
BHUA
AUUM
AMKH
BTUO
CGBD
AGWL
AUVR
BLGM
AEHJ
BRTJ
AJKU
ALFZ
AHOZ
BAYJ
AOSR
BOFZ
CCXT
CQDV
CITK
DIZB
CSBE
ADGE
COYM
APTX
APIY
CFPX
CWRQ
BCHW
ANXV
BOXR
BFCB
CHEB
BEGW
ACFH
DCKS
CZYY
CVUO
CWDL
BBKY
ACVJ
BYHE
AJUV
CGJI
BLBJ
CNWT
AZIO
BNAX
AXVT
CUSW
AOFK
ASRE
DCVX
BNXD
CPYW
CADD
DGYE
BDEF
AUFX
BMCL
DISY
CMNU
BBJB
AQIZ
AAEB
BKST
AISR
ARXM
DJIJ
COLL
BXKM
DHYD
BHCI
BGEE
ASFE
DDPA
CIDF
CHWQ
BUVB
ACLI
BWKW
AYFB
DDUW
CZNS
CQGO
CEYT
BHPS
CKHG
BHOZ
CWYI
AVBX
CUBQ
BHRW
CGRJ
ALOH
DEKT
AIBS
AVMT
BFFD
ATSR
BTWT
CBNS
DESE
DFKH
AWPC
BSEM
BEXB
DAYC
CPMZ
AQGM
BJDH
APMO
CPDN
CWXS
CHPD
BBZT
CHRG
BZBF
AAOW
COFU
BNLW
CUZC
AWPG
AHAN
BUYK
APCO
CJLK
CLIN
AJPA
ALVV
CKKX
CEKQ
CDYF
BTMG
CWUU
ABER
CFKL
CSGO
ALPL
BHMK
AKPL
BOGI
CNPF
AGGN
CQXY
CHPL
AORT
AKGK
AMPC
ABVX
DCSX
AMHP
AHNV
BTBV
DFAR
AEPL
CMVI
CAGK
AEMN
BYBH
CMQH
BPAQ
AYHB
CKSU
AWBM
DATA
AKVX
CTND
DFAP
AHKU
APCJ
BPLV
BBXI
APDS
CYNC
CIOM
BZIP
DAOJ
BYLI
AEAF
CAHP
DAKA
DHLS
ARKX
CALG
BUXX
COEJ
AVPA
ALLR
ABKK
CTTM
DEKU
CDJE
BDZC
AQQS
BEQN
BFMR
AKZS
AEKS
AJJQ
BISS
DFBE
BUMA
CPQA
CPRP
BDJW
CKAL
BMDA
BURK
ADKS
BXYW
BMSH
BBXL
AQCU
ATUP
AXCX
AYYA
DIZK
DDWM
ALCJ
AXTH
BHBU
DIYQ
DJST
BFOZ
BGCS
CPDC
DDOR
BFWR
BCHY
CYTZ
BQSF
AWDW
CSJB
AMGV
DJFA
CTAY
CTGA
BUYB
BSRG
DHBZ
CCLD
AYLV
CEEB
CXNS
BNFZ
BHSA
AKNI
AVAI
CNZS
AGWK
CGRS
ALIW
CVWT
AGLG
CFRK
BRUZ
AIFL
CLHW
AYDX
CRJF
CAZH
DETA
ASRB
CVAZ
ATAV
CFDT
BZGV
AICQ
AKLY
CRVW
CSJP
AZND
CQWM
DBEQ
BKVT
CCQU
ACIJ
DHBQ
CXSI
BKSH
ARFT
BHCO
BMKD
BZYP
CMWD
AMAL
APYE
AAPU
AKNK
BGLW
AUGX
BQTF
DBPX
DCHG
BPMC
ACDP
CXGE
BCOU
ADYV
ADXP
AYCY
CMKL
APFV
AECX
DKFG
AIST
CRAO
BIWZ
CMZG
AEFM
BOZY
ASNE
BBLS
AFJK
BDHZ
BKJR
ABIB
CTTU
ANYA
BOFW
BXFD
BRVT
AMHT
AKOO
APQV
CRLV
ANNB
AQKI
CMUM
CJXO
BIBO
CISK
DJKS
BCHG
BVFG
BBJC
ADFM
CBPR
AHFX
BVEW
BBTB
BGWX
CNXM
CXHE
CMRJ
BJWR
AXZM
AUZD
AAOG
DHGO
AEAJ
BVPT
DILP
CYVA
BPUY
DBXQ
DEAI
BQFU
BWMT
CXNE
CNFH
BXMP
BLNQ
BYKT
CAQH
BZNW
BGCL
CVMR
AHPJ
AYYK
DBHT
CFGF
BNSY
AWGW
DEMD
CZKG
BWAL
CHHP
CDLW
CHZK
CFFN
CDWM
CBKN
CTPW
AYIR
BYRN
DGDR
CQCU
BSEJ
DKDG
CKHL
DKLJ
CUGK
AXXO
DIOJ
BRNL
APKG
AMCU
BRBH
BPVT
CCYU
AZSC
BQLA
BARY
ANJP
CJGZ
CAHC
CWKT
CWWE
BAZY
BRWO
BQBQ
BYYL
BKNB
CSXR
CEUK
DHGI
AOAM
ADEZ
BVXI
BPBL
ABIL
BAIS
BYHD
CPOK
AIAV
DBJP
BGBS
ANTF
CECC
BAXF
BOVD
AEBM
AJUK
BMUD
BGVX
CROM
BHTY
AGAH
BQTK
CUWH
DGCU
AVGS
CFSB
DGJS
DKHB
CDSJ
BLCE
CFMZ
DAHA
ANFC
CACD
DHJA
BRIK
CBTE
BSBS
DFQD
ALPU
BMKG
ASNT
CWIT
CNPZ
ANPP
BGTM
BOVG
CJOI
BSHT
DDWO
BYIZ
CRYB
BVMR
BNIY
AZGI
AHOK
CQBE
BBXO
COBT
BNPH
AGZE
BKOD
DCKB
CHUD
CHFL
CPPT
BDPJ
BSEH
CMJX
BZKF
BOKX
AVWG
ASMB
CBES
CZQJ
CPXG
BWSP
DEKI
AWPJ
ANID
BXON
BFME
BTUV
CRWL
BCAR
AKLP
CLGM
