FILE: problem1.in
Max Score: 
68754941.24
KnapSack: 
wise_puncture
hard_hook
dirty_coals
shaggy_flanges
ideal_crusts
uninterested_livers
thin_expert
yellow_polishers
magnetic_ticks
frantic_keyboard
instant_mechanic
grateful_canyons
round_village
outer_bureau
enthusiastic_cranks
vertical_days
eager_goal
limited_breath
successive_ceramics
upper_wafer
strong_casualties
linear_diaries
muddy_wages
tender_images
courageous_dip
unlikely_tilling
comfortable_substance
varied_exercise
remote_diesel
verbal_visibility
disturbed_billet
silly_roadside
homely_coordinator
alone_displacement
mobile_nerve
steady_enemies
usual_pennants
efficient_associates
qualified_cloths
smart_nose
fiscal_gland
stuck_reconfigurations
curved_smoke
wicked_diameter
junior_beams
systematic_cabs
electric_direction
powerful_lake
favourite_lane
sudden_troubles
imaginative_copies
broken_alternatives
hidden_parallels
japanese_rinses
delighted_region
advanced_meats
wee_recognition
relevant_particles
high_thermometers
brief_felt
exotic_specialization
fat_destinations
jealous_crewmember
grubby_recipients
famous_stings
international_abbreviations
spatial_tests
kind_spear
wonderful_carburetors
little_tissue
brilliant_chest
minimal_modules
private_oxygens
enormous_leadership
vertical_mornings
developed_task
crude_light
interested_screws
dreadful_lifts
unaware_voice
solid_corner
female_silk
running_submarining
free_rail
fucking_cost
enthusiastic_may
guilty_attitude
misleading_anchor
handicapped_separations
silly_digestion
peculiar_junk
amateur_buzzes
close_attack
frightened_tactic
excited_presence
clever_staple
eerie_rates
calm_gangs
obnoxious_brook
steep_abrasion
corporate_lakes
canadian_registers
scary_fares
racial_villages
precious_funding
alive_aluminums
dusty_contempt
head_bonds
medical_theories
steep_nickel
urban_publication
tall_armors
royal_doorknobs
advanced_augmentation
fascinating_ordnance
rare_lighters
expected_arguments
negative_litre
encouraging_holddown
magenta_interests
quick_pines
emotional_office
legitimate_decrements
scary_dives
main_pins
decisive_quantity
empirical_lints
historic_painters
excellent_guess
tense_stator
traditional_handler
open_casualty
ordinary_wafers
fierce_gate
fat_quartermaster
anxious_crawl
alert_ends
capable_outing
familiar_aluminums
frozen_sounds
opposite_crawl
full_time_bottle
fashionable_fountain
many_compasses
constitutional_format
parallel_data
regulatory_potato
only_radians
due_beginners
organisational_walk
modern_oak
painful_generators
territorial_bushing
damp_flame
wicked_surveyor
horrible_ground
weekly_contrast
attractive_validations
funny_candles
costly_boresight
jewish_remainders
financial_circumferences
fluffy_disciplines
shaggy_echo
fair_year
weak_dab
following_zips
hungry_flap
loud_list
decisive_pain
olympic_launchers
silly_manpower
poised_superstructure
mammoth_aviation
busy_witnesses
agreed_accounting
peaceful_sunrise
deep_insanities
doubtful_wheels
residential_chest
rude_delay
conceptual_strokes
angry_bronze
inner_worksheets
damp_electron
keen_pulses
underground_trailers
jewish_crews
quiet_noises
satisfied_warehouses
interior_defects
fortunate_kill
fit_days
hollow_nonavailability
able_swell
crooked_ignition
exclusive_produce
relative_correlation
spicy_torpedoes
evident_range
rough_canal
depressed_plans
vocational_bullets
bored_altimeters
easy_fountain
straight_henry
hard_ensign
nuclear_wages
blank_conversions
interim_delegate
grubby_loaf
narrow_jars
binding_defeats
depressed_pops
spicy_fruits
stupid_trackers
noisy_claim
rural_terms
artistic_sale
serious_painter
ordinary_rinse
lazy_stabilization
odd_cracks
late_tank
rough_responsibilities
helpful_offsets
brief_organization
voluntary_canister
likely_shift
large_disassemblies
unaware_glass
head_milk
great_fish
quaint_flakes
defeated_velocities
defiant_dissemination
clean_compress
polish_nut
presidential_district
empty_cause
nineteenth_century_gardens
rough_clay
able_variables
occupational_torque
upset_medicine
comfortable_net
ugly_commission
colourful_mills
inherent_arcs
concrete_canals
critical_relief
strong_pilot
fucking_cab
reduced_nulls
weak_navigations
golden_telecommunication
principal_hardware
coherent_file
decisive_accumulation
precious_bank
flying_damage
big_sabotage
marked_leggings
square_words
cautious_squeaks
useless_engineering
sleepy_president
cautious_confession
open_rims
proud_turn
chronic_percentages
misleading_wage
swiss_wrench
collective_self
coming_maintenance
injured_fillers
rolling_shoulder
husky_stories
powerful_rains
sticky_adherences
atomic_ceremony
hilarious_parachute
successful_ally
continental_canvas
rural_midwatch
unpleasant_bag
filthy_cures
elderly_fog
tight_drawers
awful_stomach
quiet_fashion
wicked_frame
late_buckets
superior_circuitry
federal_specifications
inland_lock
fast_aluminums
powerful_head
reliable_pulses
remaining_oils
presidential_efforts
promising_group
mysterious_slides
active_misalinement
tasteless_tour
tricky_decreases
innocent_crowds
wonderful_library
fluttering_leakages
cool_roads
direct_claps
historical_vacuum
symbolic_dimensions
effective_clericals
crooked_decks
zany_requests
delicious_tops
light_protection
embarrassed_locomotives
disastrous_arrests
head_twine
environmental_funds
funny_coxswains
french_approvals
different_irons
latin_durability
frozen_sizing
fuzzy_reductions
holy_dives
cold_siren
prior_passes
rare_designation
mysterious_horizon
secret_subtotal
young_oscillators
mysterious_variables
skinny_videos
agreed_briefing
identical_rumble
impressive_union
likely_calculators
brave_saving
encouraging_neck
beautiful_skins
primitive_turns
compulsory_baby
faithful_affiant
purple_transiting
lengthy_mirrors
relieved_overtime
mass_masks
evil_carloads
fierce_bells
unfair_communication
young_gyro
near_human
binding_crosses
operational_doorstep
foolish_expiration
written_belief
wrong_skirt
foolish_biases
swiss_swap
popular_defections
open_tendencies
greek_rushes
busy_stripes
glorious_sanitation
rational_wayside
contemporary_speeds
wee_augmentations
strategic_floors
fluttering_deputies
long_factories
certain_plants
recent_commission
broken_analyst
redundant_routes
unhappy_posts
complicated_investigators
miserable_tones
victorian_pier
genuine_capes
round_floats
excited_editors
primitive_case
creepy_typists
moderate_instances
preliminary_spar
wild_bauds
active_propose
careful_shirts
smart_pine
rising_nomenclature
living_plastic
grumpy_plots
radical_abettors
loud_brushes
violent_rays
sticky_withdrawals
powerful_marches
square_makes
liquid_television
envious_salts
individual_bolt
eligible_plans
consistent_offices
quickest_ton
odd_dresses
eldest_fields
rotten_occurrences
nice_networks
beautiful_injuries
ltd_commanders
powerful_workings
mathematical_flicker
painful_monitors
eldest_teachings
high_guards
married_inaction
tall_fuse
dutch_axes
chemical_holes
planned_fear
communist_deletion
courageous_pocket
thoughtless_performances
ordinary_feathers
powerful_tubs
flat_discoveries
breakable_inch
splendid_stairs
mechanical_accommodation
satisfied_fashion
brave_discontinuations
emotional_wages
experienced_december
nervous_inventories
positive_strike
tricky_cylinders
unaware_tackle
accessible_interview
sour_computation
many_glazes
invisible_officials
dramatic_fans
blushing_handwriting
anonymous_bolts
annoyed_application
continuing_discovery
confidential_status
so_called_rumble
enthusiastic_summer
mad_definitions
continued_hold
compact_countermeasure
lively_thyristors
melted_possibilities
considerable_acquittal
difficult_try
harsh_rear
mammoth_aluminum
typical_scratchpads
western_parachutes
busy_swords
perfect_whistle
mental_talker
shaky_presumptions
decisive_password
suspicious_insurance
extra_decision
black_capacitor
mature_cross
late_sterilizers
greek_defection
painful_rags
awkward_forearms
helpful_pat
welsh_bends
exclusive_users
attractive_thousands
pregnant_auditor
existing_personnel
daily_graph
so_called_opportunity
impossible_limitation
monetary_fantail
wee_laugh
intense_contribution
harsh_abbreviations
subsequent_gloves
confidential_widths
japanese_blank
mean_provisions
healthy_cams
quiet_duties
well_known_fastener
vital_returns
elated_apprehension
plain_interface
orange_shares
stingy_ammonia
grateful_spot
used_discard
steady_raincoats
tender_forties
toxic_rules
lovely_circles
lost_chests
surrounding_facility
purring_guidance
dull_economy
tall_alcohol
responsible_augmentation
agreeable_beds
lively_semicolons
driving_overflow
intimate_leather
testy_sirens
governing_processor
rude_directions
chinese_standard
pretty_dispatch
constant_aid
dry_swab
robust_addressee
broad_potatos
financial_recognitions
explicit_radiator
square_departures
adjacent_schoolrooms
bright_mission
underground_stings
bad_mines
pale_effects
natural_vapors
rubber_catalog
unknown_makeup
closed_restraints
voiceless_winters
juicy_links
cuddly_salutes
petite_apparatus
generous_subtotals
content_blades
liberal_responsibilities
smart_papers
exceptional_sleeves
unpleasant_misalinement
flexible_sewers
physical_amplifier
usual_chatter
crazy_beginner
particular_bearings
wicked_bundles
natural_arrests
wide_fractions
dry_couples
powerful_coins
outstanding_prisons
molecular_mention
sorry_elements
short_term_pacific
artificial_dimensions
irish_release
ready_payroll
desperate_jars
alive_chases
sporting_charge
soft_toe
head_flames
crazy_notice
russian_organ
inappropriate_conjunctions
senior_demonstrations
outer_sirens
worldwide_stuff
wee_catcher
shiny_label
exceptional_thread
exceptional_rifles
tiny_coals
electronic_toss
supreme_dare
significant_hoop
fat_discounts
shaky_menu
alive_delight
initial_bundle
integral_leave
early_stencil
excited_blower
foolish_tastes
fierce_bank
frequent_conversions
beautiful_pipe
victorian_rope
marginal_manifests
blonde_clerks
promising_alcohols
middle_class_guidance
sympathetic_grasses
mechanical_whips
rare_leader
coastal_allowance
rare_rate
exceptional_usages
obvious_guns
golden_conductor
tall_sponsors
spontaneous_shows
shaggy_floors
coastal_oxygen
simple_hiss
petite_chapter
scrawny_drums
islamic_legislation
conservation_customs
scientific_stick
heavy_cardboard
objective_projectile
widespread_discriminations
hostile_silk
working_hygiene
desirable_ocean
single_stapler
corresponding_features
advanced_readings
hidden_activity
novel_yolks
victorious_metrics
unwilling_loudspeaker
white_chamber
historical_balances
diverse_end
organic_partitions
foolish_treatments
strange_law
middle_pole
protestant_breach
dangerous_counters
naughty_messenger
pale_rice
decisive_mill
slow_conferences
new_observer
thorough_beacon
blushing_contacts
natural_arrivals
alright_trailer
slim_intelligence
wandering_loaf
glamorous_burglary
tender_prisoners
heavy_cure
surprised_discards
strict_account
neutral_pennant
proud_resistors
big_hierarchy
smooth_strips
still_steamers
expected_bearings
dark_locomotives
lucky_equivalents
thirsty_sites
relative_pyramid
fragile_tip
correct_moons
persistent_preparation
strategic_interaction
frightened_buzzes
unfortunate_fleet
popular_auditors
repulsive_efforts
illegal_transistors
secondary_circumferences
negative_thermocouple
smooth_clocks
unsightly_directory
influential_malfunctions
outdoor_capabilities
victorious_army
flat_deputy
governing_probability
comparable_tap
confidential_mothers
small_tests
annoyed_emergencies
tall_weather
total_transportation
secret_belt
initial_riddles
tan_yard
visual_shipments
prominent_indexes
puzzled_pink
melted_relationship
total_research
late_screams
faint_rim
so_called_citizens
liberal_documentations
wet_cells
managing_games
catholic_surface
confidential_flashes
negative_memories
absolute_salts
environmental_correction
wet_coder
shared_masks
quaint_being
lengthy_attachment
new_ideals
identical_possessions
radical_flashlights
flat_hardships
clumsy_elections
defensive_struts
kind_trains
exact_forces
witty_show
minor_amount
theoretical_slate
complex_mugs
fucking_peg
interim_days
net_helms
christian_command
bloody_arraignment
cuddly_disease
live_drainer
heavy_liberties
easy_anticipation
magnificent_progress
awkward_yields
tired_watches
red_phases
dead_expert
complicated_rheostat
past_sill
peaceful_cell
likely_varieties
cloudy_proportion
petite_dispatchers
primary_damages
bad_squeak
fancy_pupils
latin_paragraphs
linguistic_trucks
related_letterheads
thoughtful_impact
known_morning
gleaming_friction
cognitive_documents
dependent_platters
serious_harbor
married_regret
yummy_tars
dirty_weapon
steady_duration
structural_fogs
strange_quarterdeck
preliminary_breast
organic_coating
brilliant_bumps
particular_halts
general_lockers
fluttering_loans
tall_towers
amateur_cylinder
aggregate_peak
usual_principals
ok_televisions
exceptional_courts
old_fashioned_conductor
conservation_rock
irish_clamps
wicked_knocks
keen_conferences
rough_clothing
open_cheeks
nearby_wools
sticky_oxides
molecular_inventories
long_fist
persistent_pond
nasty_lime
uneven_raise
active_encounter
mighty_cannons
passing_pictures
assistant_smoke
international_hatch
metropolitan_staff
remote_wire
obvious_coats
unable_intents
advisory_welds
voiceless_beings
compulsory_realignments
limited_throttles
clear_streaks
evident_fold
magnificent_advance
fascinating_cube
final_vectors
royal_directives
familiar_broadcasts
funny_years
wide_eyed_dispatcher
fine_park
sunny_tax
printed_details
moaning_circumference
friendly_speeches
varied_name
unlikely_tensions
bizarre_aids
technical_bank
helpful_direction
real_verses
promising_prisons
loud_powders
okay_itineraries
experimental_hunts
capable_screw
real_selectors
casual_falls
basic_entrances
blushing_creeks
furious_servants
victorious_assistants
steep_overload
dark_sweepers
blind_tests
glorious_searchlights
mute_ranges
fluttering_detail
fragile_sack
combative_balances
active_halves
stable_battleships
judicial_elapse
grieving_spray
forward_differences
crude_pencils
old_fashioned_solenoids
ugly_spray
communist_probes
great_ton
wooden_truth
rigid_pupils
judicial_accidents
quickest_adaptions
estimated_polisher
critical_intakes
yellow_flesh
peculiar_monitors
thoughtful_casualties
tall_folds
hard_attorney
military_missions
agreed_judge
systematic_lime
grotesque_illustrations
unexpected_splitter
keen_splicer
few_airports
victorian_generations
grateful_bushing
maximum_specialties
gigantic_nods
marxist_overloads
future_methodology
fixed_noses
productive_apparatus
supreme_specialists
unhappy_footing
visual_compartments
straight_tailors
respective_cockpit
planned_patients
hungry_attesting
southern_wound
right_interpreters
satisfactory_tender
upset_symptoms
pretty_wear
fierce_knock
disabled_reservoir
loyal_laps
reluctant_sponges
handsome_discriminations
chronic_soils
fluttering_stop
hostile_checker
detailed_fellow
regular_laboratories
outdoor_addressee
annual_crowds
proposed_transport
adverse_correlations
happy_knocks
bright_halts
academic_boot
remote_unit
combined_splice
shaky_oak
russian_disposal
wide_dealer
contemporary_glow
cultural_coxswain
curious_visit
primary_weld
rich_turnarounds
collective_sugar
wandering_settlements
dual_civilians
heavy_retractors
mass_human
sweet_kettles
distinct_secretary
casual_gulfs
immediate_meet
irrelevant_radiator
appropriate_bays
global_bowls
pleasant_jack
noisy_fasteners
preferred_sock
large_scale_maps
bumpy_forties
polite_conjunction
so_called_bite
casual_product
thorough_rays
level_policy
comparative_options
quick_tap
senior_terminator
powerful_amplitude
principal_tricks
tasty_removal
genuine_splitters
autonomous_shops
fine_blades
colossal_efforts
vital_railroads
iraqi_ink
creative_evaporation
outside_match
ratty_appeal
liquid_brothers
vague_missions
broad_ones
wicked_soles
jolly_chin
flying_combustion
practical_motels
passive_entry
palestinian_labels
southern_coins
preferred_height
rubber_software
eldest_banks
underground_handlers
environmental_howls
gigantic_handles
fast_rowers
internal_marches
large_bangs
empirical_peaks
foolish_elapse
residential_instrument
inclined_thanks
local_lake
loose_access
naked_puddles
parental_religions
dry_honor
raspy_passbook
harsh_lint
local_glazes
unfair_discussions
final_launch
combative_fear
estimated_attesting
continental_worms
huge_tumbles
assistant_relations
quiet_bubble
full_police
hon_entrapment
coloured_title
obvious_incline
individual_invoice
elegant_transmission
wandering_leader
calm_rays
still_box
olympic_signal
energetic_lapses
careful_intensities
brown_housings
future_jumpers
upper_transistors
free_embosses
sure_abuses
precise_heart
asleep_glides
comfortable_constitution
sticky_interfaces
drab_network
living_space
miserable_fuels
molecular_river
exact_projects
current_nines
loud_articles
salty_insignia
wicked_tongue
gross_friends
bored_sheeting
kind_waist
iraqi_park
special_hazards
printed_carriers
short_teller
absolute_pieces
rare_fan
rainy_transmissions
dusty_brooks
giant_cathodes
electoral_comfort
red_dish
illegal_democracy
cautious_splicer
remaining_trees
good_stacks
outstanding_advance
low_front
diplomatic_transmittal
wonderful_handles
quickest_blackboards
holy_countries
tender_insanities
excited_saving
planned_strengths
mixed_windows
young_industry
compatible_morals
final_detentions
whole_facilitation
satisfied_stuffing
hostile_technician
advisory_keyboard
fast_swivels
alert_suns
ashamed_record
enthusiastic_peacetime
double_mixture
blonde_gaskets
worried_teeth
academic_majorities
delicious_pint
meaningful_chains
welcome_harbors
competitive_tree
massive_partners
functional_carbon
registered_visibilities
jolly_partners
enthusiastic_logistics
desirable_deductions
previous_characters
historic_sum
manual_journey
deep_decibel
sacred_replenishment
dangerous_walks
smart_linkage
social_housefall
considerable_purposes
tragic_tactics
gorgeous_events
cheerful_morals
exciting_push
joint_hatch
dark_certificates
fierce_purchaser
distinguished_disease
healthy_fireplugs
abundant_rebounds
ordinary_pokes
clear_ensigns
lucky_experts
severe_hushes
burning_professionalism
helpful_cleat
wicked_gaskets
acceptable_whistle
parliamentary_skins
notable_alerts
planned_wonder
continued_carbons
handicapped_marks
direct_network
impossible_surveyor
spanish_similarities
enormous_implantations
identical_initials
hungry_bin
amused_contamination
exotic_track
late_amperes
substantial_bubbles
lengthy_hilltop
arrogant_listings
outstanding_realignment
defensive_partition
complicated_linen
ashamed_square
purple_radiation
deep_counsels
increasing_exterior
distinct_reserves
stiff_ejection
gross_advances
valid_rebound
italian_occasion
interested_interval
sunny_chimney
nervous_crews
different_thoughts
electronic_itineraries
roman_latitudes
confidential_bills
conceptual_trades
continuing_rings
ancient_stocking
personal_accessory
thoughtless_hierarchy
huge_much
worried_births
confident_highline
moral_race
reliable_spoons
past_sample
incredible_tasks
vague_share
allied_brackets
thoughtful_difficulties
coherent_web
brainy_legs
outrageous_accessories
remaining_magnitude
ltd_nozzle
male_stub
fuzzy_clock
normal_fighters
hot_attractions
firm_sixes
wrong_hillside
atomic_groove
bold_relief
orthodox_groan
symbolic_lantern
crooked_experts
cold_soldiers
broad_hopes
jolly_property
dead_webs
fine_molecule
solar_laugh
promising_restriction
blank_today
flexible_aptitudes
adorable_fantail
alive_hulls
kind_degree
creative_tubing
bare_abuse
insufficient_addition
comfortable_references
monthly_groan
preferred_blankets
soviet_rolls
handsome_malfunctions
awake_economy
shivering_ton
partial_video
uninterested_performance
weird_expenditure
mixed_inquiry
patient_success
payable_sip
conservative_bulb
honest_executive
narrow_success
tan_lengths
significant_games
dominant_belts
sporting_lesson
due_schedule
disastrous_wastes
continuing_constitution
obvious_chairs
naval_exchanges
great_items
agricultural_notes
unable_statement
standard_grip
grim_grasses
retired_terminators
regional_chamber
comfortable_personnel
favourable_ribbons
numerous_lieutenants
mere_slashes
concerned_letterhead
oral_levels
embarrassed_cut
wide_eyed_buffer
various_bunch
drab_personalities
linguistic_alignment
excess_fort
flat_quarters
helpless_receptacles
experienced_editors
shallow_length
romantic_studies
elderly_routines
tough_oscillations
terrible_seesaws
well_known_sharpeners
glorious_drydock
victorian_vapors
eventual_exhibits
polish_negligence
part_time_proofs
working_class_alphabets
fierce_airship
widespread_monolith
alternative_tide
helpless_assistance
depressed_stump
low_start
unfair_deviations
then_cosals
greek_attributes
helpless_task
serious_opinions
relevant_ambiguity
sharp_shores
colossal_hardship
wooden_relay
blushing_sting
hushed_filters
gigantic_submissions
silent_allocations
administrative_braces
irrelevant_heart
essential_entrance
central_neutrons
whispering_exhausts
annoyed_checkouts
certain_owner
conceptual_gunpowder
new_shirts
dreadful_eases
delightful_antennas
occupational_texts
rainy_curvatures
spiritual_analyst
palestinian_value
spotless_sill
careful_discussions
rival_smoke
hard_roar
continental_stations
square_quart
aesthetic_article
controlled_chins
developed_dent
unnecessary_launches
warm_receipts
burning_navies
tense_bands
noble_hull
varied_telephones
narrow_casts
ancient_regulations
increased_custodians
subsequent_fishes
significant_misleads
prior_lashes
green_dividers
empty_thirteen
dead_canyons
estimated_children
ratty_price
crazy_margin
free_helms
guilty_nonavailabilities
poised_correction
melodic_pokes
attractive_fives
binding_prints
intermediate_giants
modest_detail
annoyed_ices
many_warehouses
puny_catches
digital_conjectures
unknown_biases
straight_detachment
suspicious_trunks
vivid_lanes
foolish_macro
technical_post
mid_arrays
grieving_shoes
valuable_presents
healthy_twist
compulsory_pilot
silly_advertisement
important_halyards
sorry_classification
careful_purchases
unknown_programmer
scared_executions
living_rags
smooth_property
lost_weaves
encouraging_custodians
eldest_topping
conceptual_ceiling
disappointed_breath
favourite_injector
many_detents
naughty_giants
mobile_wardrooms
magnetic_heaters
brief_employees
dying_sparks
capable_contents
average_frigates
melted_minute
relaxed_work
voluntary_merchandise
compact_donor
awful_space
qualified_expenses
decisive_overtime
special_deaths
crooked_educators
retired_shocks
outrageous_entrances
joint_paws
orthodox_capability
fierce_candle
pink_counter
loose_dedication
then_towels
aware_departure
safe_property
philosophical_grooms
contemporary_calibration
molecular_details
faithful_contents
marvellous_complaints
full_time_forests
neat_silks
deafening_compressions
just_religions
worthy_offenses
straightforward_ocean
blue_change
central_hip
controlled_collection
liberal_forecastles
persistent_infections
strategic_thunder
good_paragraphs
mighty_signaler
various_helmets
olympic_motels
inadequate_pulls
crazy_surprises
historical_forearm
dry_remedies
middle_floor
creepy_brakes
intensive_jaw
husky_requirements
massive_fear
encouraging_compass
abstract_opposites
obliged_elapse
criminal_realignments
english_seasons
critical_ear
determined_ranks
wild_calorie
dull_compass
modern_escape
victorious_subtasks
welsh_monitors
puzzled_drag
numerous_paw
evolutionary_cloudiness
future_panels
actual_respects
frightened_actions
incredible_liberty
terrible_piles
typical_binder
pale_correspondence
firm_recess
civil_substitute
vertical_sand
unchanged_plane
unlikely_libraries
swift_crown
comfortable_dope
worried_deals
clever_boxcar
optimistic_scissors
friendly_lick
charming_incomes
metropolitan_circuitries
genuine_distributor
large_countermeasures
busy_governments
cruel_extension
colourful_discharge
post_war_bed
extreme_quantities
golden_books
experienced_arm
chinese_compounds
scary_damages
related_item
huge_sleds
sophisticated_thyristor
awkward_fences
distinct_thirties
frightened_servo
white_limp
spare_qualifications
immediate_diesels
front_outlines
adequate_wars
excited_tug
absent_screams
partial_leg
tough_highlines
calm_path
ugly_swimmers
lexical_briefings
strong_lifts
improved_stretchers
coastal_mechanism
salty_traffic
russian_lockers
embarrassed_timers
precious_plates
mysterious_arc
combined_fantails
fellow_sashes
eventual_lifetimes
environmental_forearm
helpless_thermocouple
long_term_communications
effective_configuration
alleged_stationery
early_doorsteps
muddy_telephones
marginal_cakes
marine_claps
giant_inclines
democratic_chest
remote_cockpits
dry_july
immense_buckles
magenta_sample
clear_records
successful_privileges
visiting_twist
official_cots
happy_captain
great_protection
reliable_trips
mean_decimals
quick_shafts
tough_procurements
rainy_number
french_shore
victorious_destroyers
remaining_pass
cloudy_ages
rich_processes
light_securities
formidable_movements
tired_retractor
chinese_shelter
substantial_swamp
labour_buoy
small_values
back_feet
grumpy_parachute
disgusted_instance
educational_sixties
beautiful_gleam
ridiculous_trial
hon_shirts
honest_buckles
unknown_losses
manual_period
silent_lists
retired_trains
adorable_spans
optimistic_tabulation
criminal_drips
bored_pulse
important_peak
successful_comparison
vast_suits
intense_termination
shared_hairpin
tiny_compressors
managerial_bays
muddy_rails
canadian_posts
broken_observation
continuous_origin
acceptable_retrieval
painful_uniforms
inland_alcoholic
running_smell
clumsy_pass
urgent_stretch
successful_screwdrivers
wet_dedication
main_wheels
precious_weeds
damp_tracker
ugly_jackboxes
little_minute
definite_gangways
flat_interpreter
american_explosions
nice_attraction
modern_holders
principal_presumptions
voluntary_personnel
compulsory_negligence
shocked_scene
selected_deputies
greek_handwriting
romantic_cell
weary_crown
evolutionary_admissions
tense_apparatuses
long_term_pile
acceptable_discrimination
constitutional_clocks
total_decision
big_conjunctions
scornful_firers
famous_canvases
scared_make
awful_privates
successful_pears
distinct_lungs
full_mention
verbal_milliliters
Sound_execution
quiet_visibilities
uncomfortable_velocities
marked_web
glorious_distortion
intensive_remainders
soft_cab
feminist_editor
extra_couple
binding_discovery
yummy_servos
active_diode
blonde_tune
innocent_kits
particular_depot
shiny_stone
joyous_excess
upset_servants
ratty_picture
related_significance
rich_formula
delicious_oaks
silly_section
happy_complexes
passive_straw
olympic_sole
gastric_lookouts
excited_mounts
biological_burn
promising_belts
elegant_artillery
soft_rainbows
like_wiggles
accused_deputy
severe_altimeter
liberal_wastes
crazy_escort
distinguished_helmsman
associated_screens
helpful_twig
full_discontinuations
free_exercise
tropical_junk
large_yard
awake_header
unique_wastes
identical_enlistments
damp_travels
purring_mitten
irrelevant_laughs
tight_gaps
narrow_suns
surprised_transiting
naked_chock
lively_expansions
nuclear_mailbox
ripe_hundred
joint_fixture
fucking_pencil
regional_quota
foolish_variation
crooked_cashier
reluctant_connection
late_subprograms
welcome_kiloliter
numerous_custom
empty_sheet
technological_rods
constitutional_streets
unemployed_searches
irish_straws
surprised_coin
given_takeoffs
numerous_space
clear_path
dangerous_piece
academic_processes
outer_meanings
rational_terminals
innocent_rejections
mighty_replenishments
bloody_modes
valid_captains
continuous_balance
rainy_centerline
bitter_front
ordinary_insignia
smooth_affiants
broad_farm
sunny_belt
divine_match
final_daughters
future_offices
valuable_screens
absolute_speeder
commercial_alphabet
korean_solution
alright_shed
amused_facility
vital_workload
minimum_fluids
wide_concern
post_war_performances
able_exhausts
weird_vol.
innocent_missile
retired_ceramics
exclusive_okays
available_certification
outrageous_echoes
distinct_tilling
neat_abrasives
toxic_indexes
damp_link
nasty_acids
upset_songs
teenage_system
rural_beats
tall_tricks
strange_maximum
strange_enlistment
australian_summary
judicial_hardness
brave_emergency
consistent_starts
chilly_releases
canadian_guidelines
explicit_clericals
super_keyboard
white_diesels
monthly_voucher
appropriate_exhausts
passing_terminology
scattered_affairs
surprised_commission
secondary_hub
drunk_chaplains
high_pitched_cuts
formal_acquisitions
attractive_inclinations
aggressive_tides
good_gang
autonomous_senses
primary_buoy
awful_jump
random_pistols
glad_daughter
underground_speeches
novel_side
crude_apprenticeships
accessible_crafts
severe_labors
shy_explosions
helpless_buckle
dusty_directions
wrong_pines
numerous_stitches
dizzy_splashes
rotten_tubes
vulnerable_tailor
gentle_guard
damaged_rescuer
printed_disk
creepy_policies
suitable_presentation
endless_schooling
hard_bridge
lazy_breast
thoughtless_debts
lovely_pictures
territorial_carelessness
gigantic_nouns
exuberant_capital
sleepy_surge
clinical_remedies
swiss_factor
creepy_procurement
secret_residue
boring_refrigerator
sensible_surface
purple_plane
mysterious_responsibility
weekly_prompts
charming_microphone
shrill_boatswains
post_war_poles
soft_barrier
fresh_waxes
original_wafer
insufficient_plead
impossible_connections
dangerous_builders
victorious_exercise
green_catches
curious_primes
rainy_wave
inquisitive_sticks
jittery_percent
loose_buoy
electrical_battles
inner_arraignment
moaning_insignia
skilled_values
compulsory_originator
worthwhile_verses
insufficient_september
enchanting_cashiers
slight_fits
genetic_windlasses
nervous_brain
numerous_deployments
resident_parties
unwilling_safeguard
uniform_elections
hidden_pedal
troubled_quarterdeck
casual_forty
pleasant_orifice
poor_masses
nervous_math
scientific_hunk
full_time_torque
certain_wounds
bumpy_cavity
homely_crime
scornful_restraints
individual_magnets
genuine_ramp
mathematical_soil
standard_want
helpful_carriages
selected_commas
gay_pops
scottish_drawings
happy_twos
mean_employees
magnificent_hinges
growing_alcoholism
exact_alphabet
hot_maximums
blind_volumes
exuberant_hairpins
gastric_nights
high_pitched_reactor
nervous_limits
working_class_rowboat
awful_stages
scottish_wire
causal_staples
unaware_dawns
spiritual_gyroscopes
shiny_factories
small_halt
filthy_burn
white_segments
valid_attractions
part_time_acid
dirty_threes
husky_pin
qualified_certifications
splendid_navy
prepared_tubs
naked_reduction
assistant_nights
active_gaps
ugly_bins
impressed_burglary
icy_nylons
wee_nineties
related_roar
civilian_interface
ridiculous_administrations
coastal_contracts
little_spindle
cheap_itinerary
puny_eye
unusual_mattresses
african_alphabet
persistent_bone
global_wines
silky_analysis
greek_insanities
suspicious_counters
back_fishes
deaf_lift
minimal_termination
quaint_showers
expensive_programmer
stingy_differences
structural_dispatcher
american_contamination
holy_halyard
technical_lamps
delicious_pin
electoral_gleams
screeching_swimmers
greek_drug
calm_sun
physical_drillers
cooperative_periods
historical_bricks
mad_label
endless_feed
ok_stitches
whispering_shoes
typical_music
nervous_waists
particular_sashes
jealous_brain
proper_forty
sole_flickers
tall_staples
arbitrary_lamp
testy_breast
northern_pines
drunk_barrier
interesting_science
enormous_jaws
chief_tag
fortunate_coxswain
polite_lines
noisy_strokes
active_hall
loose_dispatchers
lovely_apostrophes
low_gyroscope
dependent_combustion
handsome_alloys
ethnic_lips
vast_wholesale
urban_worksheets
melted_restrictions
traditional_strikes
glorious_expert
consistent_diseases
urgent_kiss
alternative_scraps
operational_henrys
particular_election
absolute_feeders
mysterious_fatigue
anxious_eases
gradual_stare
allied_flashes
exuberant_sciences
grumpy_paint
right_compliance
mild_confidence
dynamic_technicians
hon_crank
attractive_silences
so_called_energy
filthy_paces
friendly_comment
persistent_forecast
rude_wages
systematic_car
outdoor_swallow
neat_transfers
academic_oil
northern_survey
french_drafts
uniform_commissions
amazing_explanations
deep_technology
poor_batteries
yummy_fan
wandering_piece
electrical_request
zealous_alarm
bare_hunt
unconscious_tricks
confident_waste
extraordinary_ornament
acceptable_tax
bold_gleam
foolish_panes
married_rotations
rubber_progress
patient_eve
victorious_mast
thorough_persons
free_semicolons
impressive_bushings
delighted_rounds
wet_oscillation
necessary_wagon
quiet_quotas
continued_shipment
just_windlasses
stingy_link
weird_mistrials
sympathetic_ditch
acceptable_radiator
ugly_gloves
interim_maintainability
ugly_fund
calm_copper
major_growths
dirty_quotas
rapid_views
stormy_cement
precious_checkpoint
beautiful_attack
sunny_straighteners
sacred_bulkhead
gleaming_mixtures
exciting_resistances
worrying_turbulence
defensive_application
incredible_fuses
bloody_explanations
spanish_catchers
warm_assignments
excited_marches
peculiar_pressures
shivering_apparatus
lively_deduction
independent_wage
vast_dedication
accessible_cane
oral_mile
embarrassing_causes
happy_levers
better_pistols
confused_presentations
fresh_plane
curious_allocations
worried_gums
specified_file
electric_hiss
objective_lantern
verbal_lubricants
testy_harbor
dominant_leader
hungry_thanks
royal_bushel
imaginative_chairs
inappropriate_interface
intensive_evenings
exclusive_layer
successive_swamp
plastic_gland
entitled_arraignment
cautious_manners
straight_trains
junior_boom
outer_contempt
tricky_junk
stingy_pilots
early_disasters
weird_crewmembers
driving_produce
extra_canvas
accepted_gates
small_rhythm
relieved_brightness
tender_illustration
worried_categories
delightful_bank
profound_docks
ugly_guard
brave_frigate
fast_compensations
legislative_meal
curved_hushes
strange_event
short_powers
acceptable_civilians
gentle_lead
surprising_buses
impossible_surplus
practical_amusement
zany_film
academic_violations
gleaming_posts
friendly_bean
plastic_allowance
wonderful_posts
combined_yaw
available_console
light_destroyer
everyday_pushups
current_beam
silky_chip
empirical_integers
broken_discrepancies
damaged_soldiers
upset_mill
just_measurements
provincial_cycle
significant_practice
wicked_mattresses
useful_apprenticeships
disgusted_grades
primary_animal
powerful_thickness
involved_conjunction
impossible_coders
noble_administrator
conservation_plastic
pretty_responsibilities
homeless_scopes
obvious_aids
aesthetic_transit
continued_module
commercial_hierarchies
historical_counselor
furious_sterilizers
tender_bumps
sheer_journal
combined_hubs
swift_crewmembers
raw_silences
graceful_tries
mighty_pascal
random_officer
medieval_squeaks
turkish_cart
influential_similarities
expensive_parity
subtle_generators
fantastic_publications
clear_rivers
comparative_lessons
delicate_carburetor
faint_mechanisms
european_dope
rough_lenders
global_oaks
diverse_programmers
fatal_requisition
surviving_eggs
pretty_staples
psychological_ribbon
respective_radiators
purring_characteristic
delicious_planes
purple_response
selected_troop
static_ditto
helpless_beaches
elaborate_choke
australian_sunrise
faint_discrepancy
disastrous_times
long_applicants
spatial_oxygens
isolated_adhesive
worrying_signs
helpless_stripe
naughty_class
unhappy_insanity
varied_porters
tough_town
compulsory_pencils
total_opportunity
monetary_presentation
lonely_reams
lively_log
desirable_conductor
fashionable_sips
criminal_rudders
intelligent_armories
easy_inclines
continued_update
above_snows
slim_dial
obnoxious_chairpersons
retired_preserver
physical_histories
competent_ores
cultural_drain
nutty_guilt
fond_currency
alright_bone
comprehensive_licks
bright_subtotal
rough_settlements
precious_lip
elated_errors
exclusive_millimeters
domestic_gangs
palestinian_painters
remote_tens
equal_piers
vast_ending
rational_contents
damp_rods
vulnerable_interactions
proper_weave
thundering_show
colossal_apples
professional_villages
little_toothpick
comfortable_mineral
minimum_hut
tiny_apple
parliamentary_restaurants
prospective_extras
alternative_spiral
female_spools
pleased_gangway
creepy_litre
innovative_wheels
confused_humor
collective_laser
historic_interference
palestinian_threes
bottom_suits
dramatic_offering
legal_basics
shivering_dials
sharp_briefing
late_welds
decisive_benefits
voluntary_spins
german_spares
huge_swaps
steady_fares
high_order
northern_pushdowns
nutty_swabs
solar_medicine
favourable_response
joint_test
diverse_hip
precious_properties
round_weaves
moaning_pistons
squealing_hydrometer
suitable_headers
clever_flakes
reluctant_braces
tasteless_curls
big_anchors
maximum_destinations
agreeable_officials
robust_substance
tiny_stage
sacred_father
weak_medicines
curved_silicon
grand_tackles
swift_grips
warm_lessons
outrageous_grease
soft_daughters
marxist_kits
blank_hub
unknown_gage
historic_firers
spanish_values
eldest_interchanges
helpful_sneezes
operational_conferences
arrogant_countries
sick_pupil
intimate_vision
magnificent_lenses
diverse_peg
important_suits
wet_employee
worrying_specialization
right_slate
low_program
obnoxious_supervisor
adorable_rod
principal_motel
driving_planes
occasional_rumble
annual_handfuls
lively_porters
colonial_valve
safe_exterior
biological_dents
nutty_specification
adjacent_mug
territorial_fourths
proud_airspeeds
welcome_victims
colorful_fists
accurate_comment
late_wave
video_taped_defection
printed_probability
uninterested_glances
grotesque_match
entitled_care
damp_signatures
annoyed_azimuth
awake_purge
perfect_crewmember
jittery_bases
spectacular_offering
permanent_elapses
fast_shocks
characteristic_pines
brave_firers
smooth_folds
frantic_standardizations
boring_retractor
exciting_investment
glad_fantail
quaint_churn
sexual_bubbles
surrounding_caves
intermediate_specialization
impossible_book
territorial_stake
amused_licks
thoughtless_damages
immense_personnel
uniform_papers
intense_hisses
amused_heading
sparkling_show
visible_substitute
encouraging_quality
private_latches
illegal_laboratories
distinct_variation
orange_builders
clear_interchanges
criminal_stomach
related_lesson
delighted_deviation
grieving_fights
sufficient_duplicate
shy_yard
