FILE: problem2.in
Max Score: 
2004205239.29
KnapSack: 
item_157
item_39263
item_5350
item_15177
item_8127
item_43
item_81
item_72
item_95
item_197
item_10
item_14886
item_2055
item_26507
item_1308
item_88
item_40338
item_28416
item_16268
item_11465
item_179
item_159
item_107
item_5380
item_125
item_7687
item_33
item_29
item_60
item_34970
item_25
item_58
item_20797
item_44946
item_174
item_16025
item_3535
item_97
item_39616
item_4433
item_121
item_156
item_26618
item_154
item_48141
item_3985
item_48282
item_21846
item_29528
item_43310
item_188
item_5428
item_40568
item_189
item_9133
item_17752
item_175
item_48966
item_169
item_26537
item_87
item_184
item_2905
item_8456
item_132
item_124
item_30849
item_165
item_180
item_4710
item_34114
item_198
item_15392
item_136
item_17995
item_2693
item_39305
item_12399
item_23794
item_111
item_7490
item_27989
item_85
item_36
item_130
item_173
item_33707
item_16470
item_36610
item_12786
item_35209
item_147
item_30364
item_22458
item_56
item_144
item_38985
item_31947
item_992
item_91
item_31614
item_34601
item_42382
item_110
item_142
item_66
item_92
item_25839
item_22366
item_37050
item_53
item_39097
item_76
item_35523
item_43890
item_6
item_155
item_16631
item_17623
item_140
item_21260
item_26
item_16
item_190
item_9
item_106
item_49857
item_4
item_24881
item_177
item_24327
item_7240
item_4166
item_2467
item_143
item_36162
item_36635
item_28062
item_35333
item_446
item_13
item_23735
item_10321
item_1194
item_82
item_31349
item_182
item_141
item_94
item_38
item_21079
item_21
item_45
item_151
item_77
item_199
item_43574
item_16411
item_131
item_113
item_45295
item_28615
item_65
item_48426
item_7140
item_70
item_161
item_20412
item_44057
item_168
item_35165
item_34
item_28
item_20175
item_16935
item_54
item_31984
item_14976
item_100
item_126
item_40337
item_105
item_86
item_12757
item_104
item_128
item_51
item_30
item_2426
item_89
item_185
item_32382
item_52
item_112
item_42588
item_39514
item_103
item_102
item_40
item_48117
item_18698
item_25730
item_42
item_149
item_59
item_21051
item_24604
item_31
item_83
item_64
item_176
item_71
item_21250
item_127
item_14861
item_34934
item_7
item_96
item_138
item_27667
item_39218
item_22929
item_12728
item_50
item_39887
item_44913
item_18
item_48
item_19
item_9449
item_171
item_32
item_212
item_148
item_101
item_46
item_22041
item_39
item_5
item_20
item_20447
item_63
item_14
item_152
item_7964
item_5949
item_47544
item_194
item_164
item_167
item_27
item_109
item_192
item_62
item_166
item_42546
item_183
item_2075
item_472
item_123
item_75
item_1
item_191
item_162
item_0
item_23
item_139
item_18493
item_9763
item_44700
item_45357
item_24
item_129
item_93
item_55
item_25786
item_19218
item_42549
item_12
item_3236
item_4277
item_37582
item_20148
item_39124
item_115
item_11949
item_79
item_35174
item_49
item_3
item_193
item_47
item_61
item_84
item_49250
item_90
item_22
item_38735
item_122
item_12408
item_29044
item_3333
item_37409
item_42260
item_10959
item_24118
item_21896
item_37736
item_12664
item_99
item_21695
item_29517
item_36948
item_36387
item_153
item_31891
item_28826
item_28276
item_47052
item_37818
item_17551
item_22351
item_10001
item_116
item_68
item_40495
item_3072
item_39207
item_4535
item_9798
item_27139
item_8489
item_187
item_18269
item_114
item_11202
item_2583
item_57
item_69
item_31439
item_35033
item_25846
item_11990
item_134
item_15
item_34249
item_74
item_11
item_80
item_137
item_120
item_150
item_19090
item_2
item_17506
item_22399
item_34000
item_25188
item_146
item_172
item_39225
item_195
item_35369
item_5531
item_196
item_117
item_32390
item_35
item_6932
item_186
item_17
item_9632
item_11282
item_178
item_41735
item_517
item_73
item_12300
item_78
item_42467
item_22450
item_98
item_133
item_25937
item_36886
item_34168
item_7995
item_42479
item_37
item_135
item_24715
item_170
item_158
item_5954
item_22372
item_18802
item_8
item_119
item_14111
item_24814
item_108
item_39084
item_163
item_43337
item_67
item_41629
item_36026
item_12662
item_39536
item_145
item_30347
item_14330
item_160
item_13102
item_3478
item_47359
item_1865
item_118
item_48165
item_16877
item_41
item_1551
item_41776
item_33784
item_39969
item_39976
item_32195
item_181
item_36858
item_16539
item_30393
item_35252
item_4133
item_18202
item_44
item_35634
item_13960
item_19704
item_7847
item_31954
item_39937
item_44514
item_5890
item_41954
item_42785
item_22828
item_33391
item_1978
item_30170
item_36411
item_46373
item_29296
item_2001
item_31791
item_866
item_45259
item_24925
item_40625
item_3009
item_8229
item_8032
item_48051
item_29506
item_47901
item_11637
item_27383
item_27893
item_16251
item_21787
item_3461
item_15763
item_38540
item_11010
item_13154
item_28616
item_18218
item_39118
item_24491
item_948
item_5644
item_2414
item_6311
item_10887
item_8824
item_37546
item_41899
item_30637
item_11140
item_47762
item_11577
item_45097
item_39740
item_26259
item_13592
item_15144
item_46395
item_24204
item_46533
item_1504
item_16897
item_9100
item_39855
item_32377
item_36417
item_7887
item_277
item_34150
item_11684
item_20714
item_42917
item_12864
item_38611
item_43227
item_49035
item_31065
item_26396
item_42229
item_4015
item_554
item_48100
item_34470
item_25400
item_8942
item_22421
item_39060
item_24748
item_2261
item_32645
item_48238
item_45640
item_28503
item_34613
item_18533
item_28092
item_9834
item_38218
item_14085
item_48123
item_20501
item_11400
item_24788
item_24924
item_37618
item_22622
item_23557
item_7827
item_1909
item_30034
item_4674
item_732
item_20585
item_7799
item_704
item_16709
item_6497
item_27587
item_20441
item_17257
item_30561
item_49721
item_30305
item_20036
item_19942
item_17392
item_19188
item_35946
item_17052
item_33238
item_14376
item_16980
item_22325
item_37059
item_18490
item_48209
item_6738
item_18119
item_23379
item_2960
item_21119
item_47971
item_21796
item_31970
item_33311
item_47861
item_46251
item_34303
item_40372
item_23058
item_47833
item_31505
item_41455
item_16828
item_9934
item_34647
item_19223
item_18897
item_27335
item_43326
item_17589
item_32619
item_6542
item_48320
item_41752
item_38700
item_28443
item_48452
item_17702
item_26423
item_41380
item_4399
item_31033
item_11941
item_47817
item_3217
item_1032
item_38378
item_26269
item_21878
item_49825
item_8495
item_28292
item_19633
item_44610
item_32481
item_969
item_5317
item_37240
item_35386
item_8458
item_45850
item_13665
item_42901
item_44300
item_3192
item_35114
item_33672
item_6845
item_28591
item_48791
item_4076
item_25994
item_42899
item_36343
item_32129
item_16240
item_26478
item_43869
item_10957
item_2781
item_17222
item_2767
item_42164
item_48220
item_35049
item_3049
item_24051
item_33093
item_17745
item_2404
item_40363
item_14428
item_16645
item_47532
item_17172
item_29571
item_45166
item_19524
item_41628
item_43799
item_25296
item_9550
item_5271
item_22271
item_35485
item_35975
item_41072
item_900
item_6936
