FILE: problem15.in
Max Score: 
125530064.2
KnapSack: 
beoy
bqtd
bxyh
btaw
agdl
bztt
bfya
bahs
aqot
brhb
ajxt
bhqp
chfq
bihp
bahv
ciwt
afbd
boxy
asdp
berk
cjdk
agtl
cjps
ajvz
arrl
bhyx
bctk
bkxq
cqqf
aeqq
cbzp
cnlr
akvq
bqnt
aqrc
cogx
btja
aihz
akcb
byfh
avcx
bsxw
bolo
bnjg
bcmo
aaal
cgey
bczo
bilp
bjvl
chry
ajtb
avgf
axhn
bjig
byeu
bide
bjci
banp
arkr
bigl
cccz
bjkh
afdy
cctz
anqw
caui
bpdt
ckaf
csvb
bitj
bfxf
bdzg
caja
ajdl
bqxf
bcfr
agdz
aevt
bjwv
cknq
bamd
btcs
cmaq
bqyo
copy
agio
awem
burr
apgq
aunl
bqlu
bioe
atvt
awug
baby
baak
ahvs
ajmd
cvad
bsym
bmbd
cdxd
ccrs
bznz
bhlv
aomx
coic
bmeg
aflf
argg
cruv
apqj
abbr
bmnv
bomg
bsvl
aupo
ascj
bckj
blgy
cfxv
aoos
cqfc
akdf
aieq
avxh
beut
cioj
bcpz
akvx
asay
ajnt
ayax
bwyf
bgrh
aoul
cbba
ahhc
bfqu
bbje
ceri
akac
bogb
blgr
aacr
ckeu
akpn
bqal
bjmk
bwor
acnz
cttk
bugx
bsmx
