FILE: problem7.in
Max Score: 
1076748674.8
KnapSack: 
prasad742
prasad25019
prasad2285
prasad24040
prasad57547
prasad35337
prasad23484
prasad48880
prasad40614
prasad54366
prasad74085
prasad22547
prasad31297
prasad16939
prasad3940
prasad74965
prasad58262
prasad4298
prasad54095
prasad64619
prasad38639
prasad2395
prasad4440
prasad52117
prasad61541
prasad24125
prasad63159
prasad19458
prasad37276
prasad27761
prasad3809
prasad1435
prasad36896
prasad75549
prasad12871
prasad53880
prasad74834
prasad71758
prasad76299
prasad46559
prasad75297
prasad64046
prasad74528
prasad24950
prasad69816
prasad23874
prasad55238
prasad28189
prasad63516
prasad45991
prasad47438
prasad71982
prasad24932
prasad15126
prasad58126
prasad20570
prasad61022
prasad79954
prasad52319
prasad44135
prasad124
prasad44834
prasad32091
prasad63013
prasad9508
prasad7099
prasad4711
prasad67635
prasad8263
prasad15908
prasad29939
prasad30530
prasad40510
prasad46691
prasad58122
prasad50541
prasad68136
prasad49105
prasad44546
prasad34685
prasad79065
prasad22529
prasad30794
prasad79714
prasad74420
prasad31046
prasad78650
prasad16863
prasad21321
prasad41620
prasad35512
prasad60045
prasad11770
prasad59940
prasad18374
prasad58208
prasad29687
prasad53886
prasad27417
prasad27620
prasad10562
prasad64916
prasad36421
prasad75989
prasad18605
prasad37403
prasad55288
prasad31779
prasad14689
prasad36646
prasad413
prasad13181
prasad42007
prasad52503
prasad49603
prasad32569
prasad46583
prasad59109
prasad11879
prasad77495
prasad47113
prasad29316
prasad17408
prasad5219
prasad42206
prasad76051
prasad24202
prasad9013
prasad22943
prasad66851
prasad5152
prasad39580
prasad40719
prasad54831
prasad63022
prasad78977
prasad31650
prasad50275
prasad19171
prasad993
prasad33369
prasad48908
prasad69791
prasad72432
prasad71848
prasad62348
prasad24502
prasad38325
prasad4338
prasad71090
prasad66304
prasad28086
prasad17827
prasad20748
prasad52952
prasad49986
prasad49236
prasad42848
prasad52271
prasad28647
prasad12863
prasad46059
prasad63515
prasad43030
prasad27486
prasad29779
prasad57766
prasad55373
prasad63679
prasad20187
prasad9750
prasad8742
prasad44279
prasad39068
prasad71558
prasad26335
prasad60850
prasad42239
prasad62777
prasad3297
prasad30091
prasad73202
prasad14569
prasad25707
prasad27352
prasad50219
prasad60686
prasad56295
prasad23231
prasad11557
prasad68012
prasad33356
prasad1354
prasad71205
prasad7765
prasad74538
prasad36929
prasad63616
prasad36205
prasad75019
prasad64925
prasad4919
prasad66789
prasad49158
prasad676
prasad28750
prasad22240
prasad65345
prasad2940
prasad78121
prasad78465
prasad76498
prasad73332
prasad54672
prasad70871
prasad25461
prasad78330
prasad27534
prasad47264
prasad22890
prasad33936
prasad27985
prasad45908
prasad55092
prasad57264
prasad71192
prasad11354
prasad76550
prasad33133
prasad71837
prasad51955
prasad61410
prasad21503
prasad41965
prasad50754
prasad11981
prasad5593
prasad25927
prasad32493
prasad68401
prasad12734
prasad60740
prasad37305
prasad16069
prasad17005
prasad16628
prasad41269
prasad47674
prasad14656
prasad67316
prasad53196
prasad11798
prasad22578
prasad35822
prasad7732
prasad38330
prasad66747
prasad42942
prasad6160
prasad41519
prasad31974
prasad1972
prasad71083
prasad4840
prasad51930
prasad38132
prasad6127
prasad54172
prasad61684
prasad54995
prasad8707
prasad8993
prasad67651
prasad66177
prasad25411
prasad70114
prasad62398
prasad50228
prasad6569
prasad38218
prasad11643
prasad31527
prasad67047
prasad77498
prasad8014
prasad282
prasad64483
prasad14337
prasad39713
prasad61997
prasad58544
prasad3802
prasad68983
prasad78128
prasad12593
prasad32207
prasad13594
prasad39125
prasad25613
prasad3919
prasad79880
prasad43891
prasad18401
prasad72661
prasad26895
prasad6723
prasad23770
prasad57647
prasad32016
prasad15719
prasad49801
prasad46564
prasad75573
prasad37989
prasad57059
prasad59613
prasad47993
prasad61163
prasad40133
prasad70027
prasad42276
prasad59774
prasad51049
prasad26451
prasad8390
prasad57185
prasad49041
prasad32256
prasad32321
prasad43384
prasad7683
prasad20193
prasad63099
prasad63086
prasad19925
prasad16845
prasad23896
prasad69302
prasad64865
prasad54288
prasad15979
prasad49677
prasad25575
prasad26857
prasad9843
prasad17810
prasad74442
prasad78766
prasad79281
prasad79691
prasad20683
prasad41094
prasad41363
prasad46336
prasad11541
prasad31391
prasad23880
prasad40935
prasad72490
prasad2592
prasad7981
prasad46039
prasad68751
prasad32317
prasad19609
prasad2077
prasad29427
prasad31038
prasad13420
prasad55068
prasad54666
prasad10319
prasad71206
prasad24129
prasad68969
prasad56965
prasad25501
prasad7047
prasad70123
prasad37957
prasad18090
prasad34865
prasad55231
prasad35080
prasad3438
prasad71061
prasad75900
prasad40480
prasad14336
prasad30405
prasad45795
prasad13356
prasad57507
prasad56257
prasad39992
prasad53444
prasad78194
prasad70617
prasad56839
prasad32271
prasad57798
prasad53337
prasad36518
prasad11745
prasad33149
prasad9091
prasad18995
prasad19899
prasad72620
prasad43845
prasad34019
prasad52734
prasad38561
prasad67078
prasad54488
prasad40730
prasad48857
prasad57612
prasad51083
prasad5693
prasad3246
prasad49360
prasad63529
prasad903
prasad30925
prasad23445
prasad15687
prasad25814
prasad25024
prasad69521
prasad72143
prasad44635
prasad56348
prasad11485
prasad72602
prasad20240
prasad13588
prasad27070
prasad70204
prasad64457
prasad36309
prasad31799
prasad74537
prasad19551
prasad35285
prasad78742
prasad48601
prasad58992
prasad2160
prasad46153
prasad67157
prasad10380
prasad78235
prasad260
prasad39334
prasad38772
prasad14343
prasad5687
prasad55813
prasad334
prasad30473
prasad26131
prasad67683
prasad62089
prasad30282
prasad41835
prasad2681
prasad71732
prasad61389
prasad6532
prasad2396
prasad34960
prasad64295
prasad17703
prasad29092
prasad77795
prasad9412
prasad78055
prasad41957
prasad39416
prasad28983
prasad37775
prasad33904
prasad37328
prasad79121
prasad42860
prasad47257
prasad20314
prasad8676
prasad23546
prasad27627
prasad77592
prasad6844
prasad47489
