FILE: problem4.in
Max Score: 
42483.92
KnapSack: 
i_817
i_32932
i_28599
i_48423
i_47636
i_33924
i_39466
i_30224
i_17727
i_25497
i_47091
i_15933
i_34749
i_2949
i_21138
i_2950
i_3216
i_1405
i_51717
i_20009
i_3315
i_25732
i_44393
i_18069
i_42713
i_17270
i_35725
i_34747
i_26614
i_31727
i_23302
i_35501
i_26676
i_43164
i_33888
i_1793
i_16414
i_23870
i_9577
i_40872
i_10929
i_40178
i_1659
i_23303
i_14489
i_46736
i_18436
i_35915
i_22830
i_20577
i_41157
i_18949
i_17857
i_44689
i_45194
i_9579
i_31570
i_31138
i_30685
i_46737
i_5360
i_21760
i_38647
i_34192
i_34302
i_35943
i_44803
i_6010
i_21761
i_7443
i_8991
i_655
i_31861
i_3502
i_11702
i_17897
i_50995
i_46431
i_10504
i_5272
i_30440
i_45588
i_1553
i_1008
i_38693
i_39511
i_31453
i_560
i_21491
i_33018
i_18068
i_31704
i_20007
i_17601
i_46432
i_17728
i_23968
i_30225
i_48985
i_12029
i_23698
i_30223
i_15996
i_36173
i_16925
i_27853
i_28013
i_17856
i_40145
i_3349
i_757
i_26942
i_40146
i_9930
i_29414
i_25496
i_8199
i_49908
i_15169
i_23700
i_20177
i_39373
i_39246
i_35005
i_7620
i_22410
i_51580
i_19498
i_32567
i_16663
i_33923
i_23170
i_34409
i_22097
i_20008
i_39510
i_48485
i_23871
i_21881
i_9541
i_44329
i_37741
i_38593
i_35004
i_3124
i_1957
i_41538
i_17469
i_29198
i_46756
i_31726
i_28828
i_7607
i_11727
i_44688
i_40871
i_6298
i_14086
i_40144
i_39545
i_5492
i_8993
i_43423
i_31036
i_43165
i_3123
i_27147
i_40518
i_2850
i_38329
i_46738
i_25189
i_22815
i_25495
i_35944
i_45779
i_38330
i_46757
i_42306
i_51139
i_46758
i_31703
i_46727
i_38331
i_31725
i_38761
i_31108
i_19408
i_176
i_40890
i_33941
i_47093
i_16926
i_8992
i_1958
i_32568
i_23527
i_47858
i_23699
i_17602
i_28665
i_23969
i_23701
i_32623
i_28696
i_23172
i_32624
i_6660
i_40763
i_23607
i_16664
i_3242
i_23171
i_8348
i_39126
i_38401
i_106
i_40762
i_30686
i_34976
i_7548
i_42750
i_43774
i_15931
i_30226
i_41156
i_51138
i_28134
i_31454
i_3210
i_24851
i_45737
i_12798
i_51718
i_21880
i_31136
i_44880
i_15932
i_17858
i_33612
i_33465
i_14644
i_653
i_27354
i_17899
i_30439
i_50148
i_12797
i_2592
i_39125
i_3209
i_17784
i_9931
i_22098
i_49276
i_4845
i_3241
i_37038
i_17783
i_45738
i_28666
i_47061
i_50037
i_45649
i_44933
i_6154
i_7462
i_35093
i_20580
i_36704
i_45650
i_21465
i_19407
i_9860
i_23524
i_18437
i_47157
i_21806
i_49316
i_20005
i_31137
i_34803
i_10973
i_49275
i_17327
i_4308
i_22096
i_39492
i_654
i_9657
i_46726
i_27425
i_8672
i_5493
i_35916
i_4547
i_9156
i_32329
i_14490
i_13748
i_9768
i_50993
i_11701
i_49317
i_35917
i_44932
i_9656
i_17603
i_45461
i_5139
i_6097
i_25731
i_32566
i_35726
i_49979
i_51720
i_47090
i_45492
i_961
i_8958
i_9578
i_47637
i_4943
i_37571
i_6009
i_45064
i_30441
i_34304
i_32934
i_31659
i_39601
i_23504
i_38760
i_5953
i_10974
i_33611
i_33676
i_39543
i_45493
i_7957
i_31107
i_44328
i_48575
i_45063
i_36707
i_44687
i_21807
i_41155
i_43163
i_14846
i_37666
i_581
i_31415
i_12633
i_24820
i_2984
i_40179
i_15528
i_44058
i_15268
i_33019
i_20425
i_26613
i_39544
i_36705
i_24819
i_4546
i_21836
i_44394
i_3348
i_31860
i_45651
i_27096
i_40143
i_44057
i_37492
i_7958
i_29413
i_18438
i_40261
i_10505
i_37037
i_31089
i_39509
i_37131
i_33889
i_2849
i_2593
i_40889
i_49909
i_34748
i_47239
i_21139
i_9720
i_34303
i_5361
i_39465
i_27882
i_26941
i_5890
i_44881
i_34410
i_36706
i_364
i_758
i_50036
i_3217
i_28598
i_48665
i_7242
i_13228
i_40954
i_22522
i_365
i_7461
i_28133
i_50736
i_4795
i_14744
i_44520
i_14181
i_13885
i_20866
i_34081
i_15849
i_3017
i_33391
i_8349
i_24175
i_44330
i_32174
i_7474
i_22090
i_38754
i_47062
i_25415
i_25188
i_28287
i_20424
i_31176
i_13028
i_29415
i_5854
i_1552
i_3757
i_7967
i_22411
i_2983
i_5064
i_25261
i_3249
i_50252
i_15168
i_31661
i_30885
i_962
i_35092
i_4794
i_33781
i_38753
i_32933
i_7549
i_27095
i_51600
i_7454
i_5889
i_28132
i_25903
i_50994
i_14899
i_8200
i_23525
i_27854
i_8990
i_28331
i_19048
i_47092
i_27237
i_14085
i_17470
i_3211
i_51719
i_24850
i_31660
i_23523
i_51579
i_32935
i_7460
i_15338
i_1119
i_43978
i_17898
i_39602
i_29262
i_9932
i_7959
