FILE: problem16.in
Max Score: 
4315104936.25
KnapSack: 
item_7465
item_11567
item_12633
item_12579
item_12731
item_7623
item_11811
item_11079
item_10468
item_906
item_9835
item_18946
item_17706
item_9193
item_5980
item_18312
item_389
item_10201
item_11495
item_18259
item_10925
item_11595
item_105
item_1067
item_10220
item_15632
item_19366
item_8297
item_11312
item_727
item_7990
item_16117
item_3442
item_17061
item_435
item_11065
item_14223
item_626
item_19338
item_1849
item_7172
item_9273
item_7956
item_6980
item_10579
item_8811
item_581
item_8557
item_11849
item_7500
item_16481
item_9417
item_1605
item_12776
item_14104
item_215
item_9213
item_7169
item_7645
item_12013
item_5643
item_9425
item_3017
item_16210
item_1253
item_6150
item_2224
item_19377
item_16985
item_10366
item_17124
item_7704
item_7603
item_16270
item_5865
item_8145
item_12945
item_8429
item_3676
item_7903
item_13053
item_19622
item_266
item_15730
item_9214
item_801
item_16351
item_1629
item_5738
item_5318
item_7921
item_8060
item_10043
item_12519
item_7737
item_11667
item_133
item_18658
item_10727
item_2701
item_9761
item_9766
item_2407
item_13501
item_1788
item_1172
item_18870
item_5419
item_12260
item_9691
item_17316
item_17000
item_12755
item_4529
item_10205
item_7392
item_2528
item_3196
item_17740
item_16624
item_16660
item_8625
item_12306
item_10569
item_10557
item_18675
item_15619
item_13097
item_3971
item_6805
item_19243
item_10845
item_11097
item_5815
item_17964
item_12800
item_16432
item_931
item_3406
item_15781
item_15666
item_13679
item_11063
item_5746
item_60
item_6469
item_9572
item_3647
item_11299
item_7400
item_10997
item_17757
item_10506
item_19324
item_11660
item_9713
item_13871
item_6676
item_13377
item_17564
item_212
item_11371
item_7162
item_15284
item_8495
item_7855
item_11452
item_19179
item_2979
item_5248
item_11817
item_18234
item_15292
item_3397
item_11472
item_16165
item_14829
item_6045
item_8122
item_6123
item_12187
item_16931
item_979
item_7051
item_8758
item_10527
item_3380
item_7537
item_12759
item_3921
item_5561
item_13936
item_14236
item_13039
item_4452
item_7251
item_5416
item_18016
item_2064
item_15967
item_11513
item_11538
item_1693
item_13812
item_12359
item_11486
item_16302
item_12912
item_11026
item_11718
item_6208
item_6025
item_12729
item_7714
item_1842
item_18280
item_465
item_1340
item_3884
item_7248
item_736
item_5336
item_18286
item_12944
item_3129
item_8772
item_6983
item_86
item_19650
item_8605
item_15179
item_8529
item_12484
item_868
item_16516
item_9885
item_5430
item_7722
item_6080
item_14970
item_12026
item_5632
item_18997
item_7739
item_11253
item_11214
item_10056
item_19281
item_18227
item_5329
item_256
item_4582
item_1301
item_12833
item_11653
item_19290
item_12015
item_6772
item_9652
item_14569
item_12047
item_8372
item_13082
item_10663
item_5292
item_15295
item_14447
item_6334
item_11228
item_6961
item_19993
item_13399
item_7355
item_9458
item_16647
item_42
item_8538
item_349
item_14011
item_15747
item_5988
item_4461
item_2892
item_14389
item_3641
item_8588
item_2682
item_7139
item_6988
item_7119
item_9492
item_5721
item_9354
item_3460
item_11606
item_2485
item_5114
item_10160
item_19085
item_9479
item_12246
item_5089
item_11416
item_13153
item_5940
item_17363
item_16604
item_19145
item_4668
item_19178
item_10151
item_6797
item_11268
item_8832
item_6320
item_11092
item_7073
item_4033
item_2518
item_19736
item_12719
item_12893
item_14566
item_7796
item_14936
item_19800
item_13041
item_11386
item_7729
item_1223
item_9482
item_18165
item_8703
item_12581
item_16083
item_10176
item_857
item_8420
item_8214
item_4847
item_18793
item_19926
item_311
item_4349
item_15237
item_7760
item_18895
item_5874
item_10268
item_1042
item_19816
item_9403
item_7010
item_7379
item_6358
item_9000
item_15506
item_12635
item_17758
item_14276
item_6673
item_10196
item_17556
item_9074
item_7524
item_8627
item_3752
item_4102
item_9850
item_7060
item_9614
item_3202
item_8493
item_10882
item_181
item_5579
item_8913
item_9944
item_8962
item_12981
item_7745
item_11654
item_6135
item_9244
item_1450
item_12494
item_11695
item_18086
item_5161
item_1168
item_7557
item_3441
item_12933
item_13042
item_14402
item_12328
item_9060
item_13128
item_3037
item_8810
item_1744
item_13167
item_15914
item_13779
item_3970
item_11943
item_9206
item_17055
item_15342
item_7788
item_13872
item_6069
item_14792
item_12394
item_18578
item_8103
item_15777
item_12279
item_19986
item_18526
item_7476
item_1642
item_10423
item_9768
item_14636
item_19218
item_8068
item_3036
item_15440
item_17146
item_3038
item_971
item_8264
item_14420
item_7593
item_570
item_18878
item_850
item_9446
item_12208
item_4738
item_9023
item_922
item_1308
item_10784
item_5953
item_5789
item_4739
item_5715
item_10067
item_838
item_10105
item_2602
item_9530
item_12744
item_2921
item_17200
item_7892
item_9299
item_8672
item_9230
item_8952
item_10264
item_998
item_5792
item_13985
item_15017
item_4319
item_19209
item_17187
item_16263
item_6275
item_16554
item_10271
item_10300
item_4962
item_4188
item_673
item_4636
item_17838
item_7606
item_10677
item_4168
item_8169
item_6182
item_8874
item_12318
item_17185
item_3119
item_12020
item_826
item_475
item_6428
item_952
item_8838
item_16923
item_10716
item_11050
item_7515
item_18320
item_4109
item_6421
item_10513
item_11846
item_17157
item_7959
item_4400
item_4765
item_11932
item_6400
item_6453
item_505
item_5376
item_2920
item_8870
item_10688
item_3011
item_7048
item_1904
item_16657
item_6423
item_161
item_19738
item_10179
item_3946
item_8040
item_12382
item_4355
item_1967
item_11174
item_16817
item_11732
item_2387
item_70
item_279
item_2455
item_6191
item_11684
item_17017
item_11442
item_2843
item_5859
item_12211
item_429
item_5526
item_66
item_17669
item_19277
item_7842
item_9399
item_2697
item_14145
item_3719
item_1554
item_18397
item_5780
item_1490
item_18521
item_8548
item_10400
item_17976
item_9200
item_2438
item_13119
item_17692
item_19866
item_16072
item_3999
item_7079
item_9256
item_2723
item_4702
item_1637
item_2271
item_17994
item_6536
item_17839
item_970
item_3705
item_18566
item_639
item_2742
item_1426
item_11160
item_5477
item_15539
item_6385
item_336
item_1571
item_9543
item_16752
item_7221
item_10793
item_360
item_1420
item_8474
item_19035
item_1846
item_10518
item_6046
item_3615
item_10222
item_11934
item_5574
item_684
item_2352
item_12609
item_2279
item_11505
item_7765
item_17568
item_4130
item_11929
item_11958
item_7478
item_4589
item_2066
item_3427
item_6569
item_2320
item_9120
item_1551
item_3960
item_3292
item_19397
item_7953
item_8544
item_2305
item_2648
item_7337
item_6752
item_6584
item_12785
item_3934
item_4250
item_1869
item_18633
item_11930
item_14111
item_3968
item_4798
item_6338
item_6251
item_1460
item_9509
item_6269
item_7150
item_2321
item_3480
item_5878
item_4617
item_9306
item_4385
item_634
item_17916
item_2705
item_13076
item_16797
item_4505
item_3886
item_1343
item_3402
item_3875
item_9067
item_6969
item_4495
item_4987
item_7186
item_3559
item_1357
item_3722
item_4552
item_4672
item_222
item_1371
item_657
item_2134
item_6502
item_1505
item_10662
item_5036
item_1237
item_2444
item_3943
item_1389
item_17201
item_3109
item_550
item_1821
item_13014
item_1358
item_4384
item_5405
item_3405
item_749
item_2747
item_4357
item_18690
item_17417
item_18036
item_14660
item_14974
item_18821
item_19384
item_15788
item_15318
item_16769
item_16556
item_14755
item_18743
item_14084
item_13807
item_15500
item_14789
item_13854
item_17450
item_15517
item_14613
item_19894
item_17774
item_14815
item_18299
item_14356
item_15933
item_15437
item_17937
item_15794
item_18163
item_13870
item_15915
item_15975
item_17279
item_13841
item_18180
item_16834
item_18839
item_19247
item_15338
item_15162
item_15622
item_15987
item_17313
item_16021
item_18546
item_14585
item_15540
item_16198
item_16217
item_18190
item_17260
item_14828
item_14868
item_15068
item_15881
item_16739
item_14565
item_13589
item_18714
item_18920
item_15882
item_19635
item_13740
item_15098
item_14083
item_16448
item_19467
item_15620
item_16383
item_15115
item_19000
item_18853
item_18076
item_19696
item_17744
item_17408
item_15645
item_19832
item_17545
item_14302
item_19817
item_13777
item_18219
item_16851
item_18474
item_18222
item_19302
item_16418
item_14794
item_19317
item_16723
item_13958
item_13642
item_18350
item_18935
item_17332
item_14820
item_13522
item_14948
item_13625
item_13742
item_18440
item_17536
item_14647
item_17593
item_16268
item_19122
item_18207
item_15808
item_14406
item_13817
item_16789
item_14400
item_18451
item_18303
item_15623
item_16605
item_17714
item_19312
item_18062
item_14043
item_19089
item_18392
item_19665
item_14691
item_17467
item_17531
item_15785
item_15117
item_16558
item_18914
item_16469
item_16914
item_16961
item_18340
item_17375
item_18351
item_14616
item_18465
item_16020
item_18876
item_19657
item_18127
item_15546
item_19043
item_13796
item_17282
item_15960
item_14802
item_18415
item_19726
item_16254
