FILE: problem14.in
Max Score: 
736924.17
KnapSack: 
dJ
cW4
jr8
mpW
EZ0
jD0
mE6
vxH
dl7
KRS
M6_
dnT
bw8
jsv
cw
zS6
tV_
d78
pA2
xU5
LS7
pUZ
ht4
rQV
qKN
35_
hD9
s5
ezC
AI
ktC
sW_
jzC
qU_
auH
gJ0
tS6
BRZ
vV0
yO0
luJ
msF
LN2
qv3
cAU
xC8
krG
EZ9
zJ2
Z3_
hE2
euQ
k17
QZ_
fiP
zEV
cg8
dP5
tJ4
dgJ
gn0
otK
Q25
iG5
vyI
iMQ
dA6
fFV
gDO
oF0
CW8
dAT
aDL
Q1_
b17
qQ7
izC
nCP
pE0
oH2
EI
AL1
fHJ
gx3
cr1
AIS
hPV
gPQ
kAT
rAV
zS2
uA1
aVY
mrC
dAI
uGM
fW0
EFG
L7_
bjX
PU
CMX
dlT
KS6
dsO
bDK
dnV
kR5
bl4
kCR
zE3
CG4
enP
iK7
oTV
lC4
deX
ELM
xFM
nBT
grx
chP
dU0
uIP
ap_
avB
HQ8
mvy
mCQ
kxG
hqH
ox6
GJK
EG2
wHQ
hOV
CMT
xP2
cfP
fkw
NO
bf8
P2
gjN
c4_
DV
OQ
GSY
pxI
nR1
OZ0
KUW
HTU
knv
UV9
cln
dI
owD
qwI
e9_
sTY
kIN
uwK
jE8
puR
J17
yO
jw0
iAM
EZ1
mw3
lFM
jY0
hjt
689
pGX
akJ
T
mJ7
oxy
ak0
zU6
mwF
wE2
wS3
iR5
ijk
by
o47
gx9
wW0
hZ8
H8
nR
GJ9
jTV
u20
rY6
opL
wO1
j80
bsH
iN9
oyO
JL0
dO2
HS7
opx
krI
bm1
u70
rDJ
fmw
fz2
eyJ
xEU
qrA
eyI
eDY
qE4
eq3
oFU
t70
cyU
eJR
lpu
vxV
oxJ
jA5
lqy
v45
iuZ
yJN
F8
aX9
tRX
kZ8
L90
dV7
w48
COU
JV3
zS8
bC5
bsC
kKU
gSY
fsE
vNX
xH2
adf
uwD
giU
LY8
hnK
sKY
ixS
ls1
beo
yGY
lP0
b24
SWZ
frZ
aZ8
lrG
jDE
cnI
pAX
M69
rt3
d60
ISV
NWZ
vB3
K12
T7
gmM
uzK
swV
ELT
E3_
cw_
dL1
xOV
V6_
NZ6
kX3
xF8
BN3
S28
lu8
