FILE: problem18.in
Max Score: 
30313775.16
KnapSack: 
jGd
e:n
kiV
a{k
fu}
d0`
dY%
c4L
c=D
g<g
i|N
a&m
aiL
el-
dt)
cw|
m=Q
d&1
byP
gT&
e&u
eGL
im6
d9n
ico
l-K
mf:
j!Q
g{D
b-X
j+]
e(V
j0\
c9k
g&(
hLm
gL5
m=?
lD}
b)0
jTd
dsN
f{E
f[l
dim
l&K
aQp
e76
lF\
fo+
dN[
grQ
g93
a8.
ion
dPs
lU4
fBx
e/_
g+~
lgM
dW0
d%!
jvw
i!j
m:~
eK#
lvm
b'S
kyW
lm1
h'\
lHt
ny/
l:_
nx7
gqI
aAe
haA
bff
h8F
b/Z
e1]
hsV
iEj
b[b
iU^
mhj
a]R
l22
cdN
iQX
j`i
a36
dbL
a'\
geM
jRu
hbo
haR
c*6
gt3
e$_
fg$
j4)
c8s
j|]
bNx
mHA
dT`
fk&
d%-
m!X
fLI
exF
bm(
axm
c,0
l.b
b}k
fa+
i'"
kg'
kul
ci*
b\j
lL(
gg}
lHs
b\r
i1F
cVg
eF0
niP
fU{
kMi
gn<
m+h
hKE
mN+
kF,
bB@
ll&
g<l
l"4
k}Z
cnO
a'a
g\@
d~T
c}4
j,S
b>v
a5-
cst
hwv
f+U
h0g
k^(
h5u
fWT
liY
d>L
g01
gg#
gxH
e/p
f4K
eUD
h)_
bi<
fw]
ji}
lI.
eG)
l\&
iHY
b84
ch&
lRg
dIl
nBQ
dM@
a.K
fT9
ly^
c9r
h^Y
m^a
nnS
h~3
m/,
i4U
lH(
dd~
c#u
jq$
b$<
cld
aqT
c#{
c=w
b_*
j*C
drP
bdR
i:~
a){
gg(
gR'
iRZ
awp
kBo
ex)
fv3
kvo
k%T
e$>
fyD
he"
aF4
aXi
g}c
j:P
iGd
g7u
kg>
lIS
h-Q
iZ]
jSi
lrv
ev=
f"W
e>>
e!U
i49
f.`
dgF
b^A
fq_
iX<
eG!
j'<
bXn
jd1
m$#
e}t
np|
jsD
nyc
g|?
aQ-
bpy
hhk
fO>
mI]
a|N
mq8
f8e
iUo
ig%
h'K
fRx
e>M
iix
cbd
f5"
juU
f,`
jse
cTK
l[V
c%c
b?o
h9*
iTO
blM
hEW
j/q
j?|
c9#
l{L
g$[
mfc
b?C
dU=
j=M
kCQ
ikU
fQ`
jAi
hqa
mmk
fTc
bGc
igj
i|F
gBs
mda
gV`
eMl
dC]
l*a
e!N
f%5
mu~
l@!
mG"
m:p
j=Z
jAv
k_]
bu'
hu<
fgH
lgY
a8\
je6
jKc
dv-
m#'
aM(
l!A
aGD
eOl
lpn
lw?
jug
cmD
m1}
b$i
fm@
l3u
gHZ
lc,
ezt
cKx
l$4
aE"
f[T
f~P
d|g
l08
jKM
gi0
k"#
e~<
aOk
l)l
k}#
g$*
h2m
a!K
eQ7
dEN
m3o
k,*
aLl
d_'
hb#
c:[
e(B
kaA
f"X
b8:
e0n
l~3
j,R
ff7
bCG
fgc
dKp
aV9
d6E
b.\
l/`
h$[
gM]
f\2
c?s
gah
lF#
d-h
i,y
mAq
e9l
d[$
deg
iJK
a_l
nBB
ag<
gl6
d|5
g+z
lUa
h&k
iT9
g~h
mlD
d:c
d%>
nmE
kn]
lo"
a]Y
fJ]
e@:
mAr
m"@
io_
jYv
jrW
jac
kN:
jZk
l5\
d=d
f=5
c7>
j1J
j64
i(z
cAF
nyI
a*X
e#9
fqm
cIQ
d"/
j(5
hC^
b&,
a?(
niU
lCm
gQ"
jX*
cvL
g0|
dTE
i.'
cKU
j'(
m96
j+k
cA#
bm]
mz/
mtN
dh?
eQA
c/I
l{D
fw+
m4s
ag]
ek$
goH
gAL
mQe
d2c
lNm
cJS
e-a
mN!
h29
iG&
fEW
g3c
k=4
h}g
j+j
cEj
mp/
kK\
mh-
h6r
kI>
hJ<
j*I
id@
ai3
k>i
h{d
iD=
h>/
cw$
cH!
bD-
kN\
k{s
fK~
iQ}
dll
dLg
eq@
iwh
div
fZ!
g5n
i*g
eN$
emN
gAw
aYJ
fcS
cxd
g'!
ar%
g|,
jSJ
k0^
jc#
gk3
bhL
l~C
bo>
gWL
jQ"
h3\
lR1
jF,
mGd
iF,
lg]
f|_
mRJ
l/}
b||
hvB
jL+
g$C
iE'
k=,
j&u
e5R
aml
cpu
fMY
e{f
mR@
a(L
e35
a,,
iru
fxo
m$*
lpU
ho_
f_i
m^9
l<b
ap\
hvP
e3'
g#x
f5h
efV
ndH
kfp
auA
f%h
esA
c2`
mfZ
cD\
a'e
gJq
b"|
lnm
nhr
aIS
adS
gyw
lYa
bG)
jy|
k+3
b/T
ch@
b}}
cnk
hOP
g5-
e^x
i]4
aR/
cyT
j-i
k2*
b'I
nwl
dH4
mw^
a|G
e0+
hI8
hQo
eP,
i&t
eZ8
gM\
d]E
dz5
aGc
cOs
fA_
f9W
iFO
dq%
c/Y
k7q
ejc
dXC
gpQ
b~O
h_W
maD
f&]
eRz
m9L
c%H
cEt
eyC
m~o
dXS
baH
av.
mv.
ln"
iV*
iLh
ipu
gWy
cj]
k~8
e93
df8
mz=
c9l
gMt
bIr
ayS
nr\
gVa
gqO
e-O
g@}
k'q
l=b
bWf
kHV
bD?
f:(
lE#
gS{
i2j
c2X
m2^
kPu
dT-
e)v
m-6
eR1
a!y
ll>
np*
cIq
d.\
h^f
m*R
aYW
l^/
i]3
j}%
cxA
aW2
j4t
j7{
iQ*
ny2
cR4
eCY
dX7
mPd
b\J
kTF
a+8
b05
g=|
j$k
c|4
atC
l*1
j!\
g{~
hIo
doR
i~2
cZ{
dbM
lAy
kxj
edF
c9Z
dU?
mN:
j?S
a.<
hs<
cSd
c.D
jbr
k!_
l0g
jUo
dGb
hyD
nqJ
g'J
hyG
cvC
js]
f}l
d:-
bm.
k%]
ma3
m8'
jR^
hSK
iD3
dFS
b5\
e0W
ao|
f-Z
fN1
gKa
b3/
f<F
cbY
jAe
lcx
dZO
cxT
l7P
k>+
jI^
h7S
api
hhu
jwM
mC'
j~.
aop
mpa
d8T
isO
gxj
ePK
b>d
h=~
bRI
biG
nxw
dK(
aSn
b$f
m]t
m%y
mDf
b1u
iP+
lAA
bnn
dB:
f}8
kia
nh2
f\%
ki{
hIQ
a3k
h'f
b<u
a`"
ho8
m~%
gnC
i6m
m3T
h~r
iR6
hu8
lJ\
eis
fwQ
fN3
m4J
hfX
iqt
c8k
m4e
j-)
hY,
gtG
mxt
g}o
h8u
mjD
jj1
l<6
bs&
k])
a5\
kEK
e&[
l0,
j-r
c{b
bpO
bZE
lXJ
ap"
m!N
m,p
l>P
bWE
c7(
km%
j&v
mC<
mX$
hKJ
m<Y
cj6
diM
k&s
hCM
jG5
m.c
g=p
d#\
k>D
d(i
lo^
d<`
k%!
miF
jsn
d8E
d/_
mgB
a.|
b_g
aGU
gYe
kj[
avf
m|?
aqB
aNg
iCs
iCN
ko@
f=)
k:U
j#l
bZ"
l5_
l@m
g-E
ch?
ha{
kf]
e3r
exe
gTq
my)
mJ`
gY/
kKR
ik~
h?[
bu*
eUV
m*C
lzJ
fXE
k3v
c'<
h}"
k.T
i29
jq)
epV
iI9
llS
eI@
e=&
la3
d^E
d(5
f//
mIc
dM(
c@%
m5(
mO%
ne2
l]H
as#
md(
hXw
hff
ng6
eIf
i)[
nay
mI.
cSm
h?%
gi-
jgQ
cNO
j)l
jk'
ccK
ecx
lIO
nq,
g|i
bDI
mHy
e~F
h1]
lU0
d`!
dLv
csJ
i%R
b)r
i+7
ci^
d-H
h1s
m)5
nr(
fBk
iGA
g9T
hrN
m*2
m.v
lH-
km-
a?i
bN"
m>?
aB#
g13
lX4
m50
f6.
bs+
e!f
gpG
kJ8
hue
m1d
g"q
hM'
iB/
cTa
eO`
h}c
d`a
js=
ev6
hGB
aG~
a=7
bn(
l7r
aN/
fCU
g9J
iy=
c2+
nkE
lM{
f~,
ei:
fmM
hN4
d<^
ir$
dJM
em=
b@G
hQ[
mDu
ab,
j2z
a$m
e#i
f+d
iVF
j@X
nAg
b%_
fxK
ia'
hSz
aW9
d)_
ahV
f=8
lSl
m}=
f(9
lzH
jmQ
f:E
k*,
gU>
nBC
bW)
j-L
bu&
bt[
c\'
ee@
bwi
kXf
bf"
hI.
gt"
gE.
hwG
a&`
g+f
fe>
aG[
er1
daq
a5m
nzy
b3<
kt7
h'Y
b2j
b&'
fw&
hKD
d0"
bzu
mkb
a.k
b#D
f6#
b/}
jSp
brP
jUH
h>W
alj
j+E
f.J
d(w
h+8
dkl
b@4
d^F
gR4
fVO
ci5
ga]
h++
dW8
l&@
a=Y
gE=
hYE
beo
e78
c,D
d_A
j4<
g]g
lK<
br}
eMr
i4G
h2[
d84
m#K
hFu
jFb
nA:
a]O
il"
m[B
jp=
f1[
hnM
kG4
k&o
lCB
i+6
h`g
lvd
hhh
i=8
j8]
m{W
jqS
be<
m!*
m=d
dWA
ke`
a=*
b5P
h3d
k0)
bQM
a)G
c^L
jOB
c~h
e:x
g*)
fMm
cI7
arZ
eui
mcM
d*D
l?`
b"t
hch
mj|
c^9
l2S
b.|
e&A
j@,
kz/
l0^
h5U
iO1
j+#
kgl
b:z
dW[
ik5
j71
m!e
iT=
mGk
ls-
kM0
kSX
an|
nx<
l9G
b@*
d+%
mew
bNs
l0P
gZS
lG8
l"G
nq+
h5D
i<a
f.c
h&_
eBX
e\}
bLZ
jsT
iP~
a+u
m[X
g55
j*T
d8P
c6!
d4<
mp`
m&Q
glA
cEP
gTH
aW\
bzq
b):
lj~
l^\
dy5
a}v
j*2
ev9
kyv
bbM
ePv
jjk
bD0
b>&
eI_
cyG
eMz
a}~
b:H
lcz
abo
kyY
je0
hYQ
ga9
fJ}
geA
cQs
mGC
g^*
e8E
hp[
b|:
cVO
l=w
k|G
kl0
h|6
j}}
c%l
h$g
m#G
b|e
me*
jwk
d/q
c:M
jRf
h`T
c&^
mSZ
eYF
nvf
iWT
hKF
nrr
b:+
kgf
hig
jB|
j_P
iQ{
dgp
j?f
i/7
cpR
e}3
b7-
b%<
h-Y
ldx
b!o
euk
hN-
fo:
jFO
c="
bcx
hqK
m'$
hvl
f=u
j6_
lC4
c6`
f:Z
k)z
hJu
gm'
bHt
f(:
d`O
b'>
d\^
d0q
mNr
cn4
myg
i2[
dKN
gRs
nv+
k$'
nnA
ji@
b2<
b\E
c*G
b!!
d}1
mn:
b8<
a\d
mc|
bL5
iVh
j<g
c[M
cvJ
dkU
br1
fTW
eHf
b-p
fC"
mD}
c'u
k>d
bpU
crF
k7-
ny8
g-^
ih2
jD+
m>a
cm)
d.w
eG9
fKH
j~{
jN{
c8n
fKd
cy&
j#8
hcj
lv7
b+g
i!%
mUM
i2U
e<D
e&H
g=4
dd&
dr.
cCO
e\.
i@a
fab
dP6
hec
i-Y
g/<
gXT
d1F
dP#
gt\
h#H
ii5
cCY
hsL
k!"
ae@
d@q
gkR
mY%
a4T
gZB
l$t
c+-
l3T
g%C
b|p
eNP
j7O
lZb
a'u
l_|
i&}
gbB
jLR
dO8
lE&
aJj
k%,
f2m
kOY
gA\
hU'
kN4
hDa
eW"
hdS
en5
h=a
j-K
aZ:
fTH
j\*
miG
g8%
g|&
dp'
kqb
fv+
j3i
e>(
m^}
aIe
g1w
c#2
cEO
bgV
nz)
f|y
g+x
jYy
hP<
lX$
kT~
cx5
gS1
j.\
f:V
gsQ
l?7
eJ*
hZY
m\<
a]f
bnl
lyr
l0$
ey%
a$#
k%&
m78
deP
dc-
gV)
h`(
ni_
hK6
a?5
fN_
e~k
gep
blY
g6f
hs_
k~i
m!O
gIc
eUq
eFJ
j]:
m'6
mGx
mc>
m.y
i73
ew|
j"h
b%0
exi
jx{
eMP
jIS
d0N
fHU
kin
lW?
g'4
m`k
hUl
lJo
e%F
ai(
gMK
k$t
k%4
mx6
a=v
k-v
e8,
gFq
anx
lgd
nnZ
f$4
hPS
cbD
i"r
m~a
m.%
mZ7
as%
h7o
gZL
mDH
emk
c~Y
g5i
e4m
jZU
avU
gk'
jV8
e$c
i-E
be{
k@q
mYp
eg8
aeZ
lX*
i:T
f=3
ft|
bsP
fyt
gn!
f|}
m]9
nBn
mSG
j!J
e1x
mw[
gMH
i^i
kr~
l%P
kZH
gN1
f@]
a:y
nv-
gu3
cZ\
ncs
d>}
j#B
b&:
dt:
kMM
k4<
mrW
bL8
c:s
m`%
l.l
k_*
eLG
eQR
fsg
f.Q
h\{
l+Q
mQD
jr1
i`l
j?k
l/(
dd`
h/j
fzk
g_J
eIT
kh9
bZ\
iu~
iCm
ceU
gnR
ncV
kb0
jlb
a5o
g&w
lq9
gvm
l<7
aJS
dku
fB{
gfH
gzD
agi
dFW
a+f
lIU
lC?
kXj
j&T
j1C
iZ&
lSu
j'>
l=*
dcN
i#+
gR>
m!?
f[n
a]E
l}@
k<_
eZ(
h~z
gyB
h)r
mef
fAS
j(x
g$F
fAI
hb_
bV1
k,8
aY"
l|u
bmV
kb#
ePu
dij
i9K
bO^
bGp
hry
c%x
en<
fW~
lrj
h#>
ll%
b+L
neh
eu:
dd+
j9p
k"Z
h%6
g",
ml_
h3S
l/)
dZF
d}v
ht~
c9@
l_r
lfT
j.T
e^s
cO%
jSw
dd]
f(o
fIq
h<u
l.4
hPm
nv~
m5C
d!V
fUk
h@6
h=[
lP`
dc3
ir2
m)C
gz2
l&.
kUO
a9+
e3H
lX/
jkf
ekj
gKt
czE
lYj
d"+
jfV
dxE
e8-
knk
hgd
f?b
djQ
e7X
jYf
lAO
e4Z
k4!
boq
ku#
l^5
cur
i]E
lJD
mLm
gx[
g1i
huF
aCY
j]I
f.3
cP?
aT`
chi
fCj
bYd
ejT
eht
iY<
m:[
a`R
i){
hcz
d05
c1E
d5X
bmu
a%u
emB
irO
i@)
kRJ
fB}
g!3
gSD
nnK
h<2
jif
gV[
g-e
mv)
m8t
m,%
mu+
iGy
mk}
mKn
eyl
hCJ
mVm
eIo
fje
jG)
lX1
eoX
d$k
dWJ
br*
j)x
j.6
hQh
bU$
kCe
cb}
mjo
b]g
k\}
j|8
c1\
lkN
i9m
g|d
nd?
fDv
a%F
e\v
kPq
bcU
c5b
g__
jWT
kgM
d=&
b[`
nq2
nf7
c'j
e!|
jeH
j[g
cL3
g'Z
af%
gXU
h-f
k-O
dm}
h\3
e/`
lh\
kT0
ekw
h_n
fEn
a/T
gA+
g|\
hN%
a|-
k00
e}z
c-8
l,3
k?)
dj~
hQP
gGr
bG'
ne!
c.7
gND
l\h
i+u
hZk
fYq
bL\
f0U
dF?
nmm
h#R
jcc
iNh
l1C
a&T
gTi
i$W
lS*
e(k
nbt
k'z
j/'
cKh
gsu
gam
bV'
m4&
jvK
hQ^
hne
e5u
mod
lF@
lC|
b,W
m"w
m-a
lf^
l^*
axG
fDd
npm
nA,
fVt
bh(
lm|
h:H
a[)
nnc
fz0
hI4
gzy
ci"
i6n
g%D
i^m
k"~
d1&
gnO
m?'
i+E
m.3
gO+
g"C
cZS
f4J
j>5
c[T
gzN
ko4
jkw
lp[
m!<
aD1
gv!
kUJ
e>S
kZd
aw:
g&~
a:X
k!!
cw&
h(b
f)?
krK
m.(
g<W
c='
g@3
kb3
d'o
gs2
gj+
gi~
e<o
l0d
asZ
l)G
eg`
d4&
i#~
hP#
lN$
c>+
a'!
lN'
a~M
k@z
dM/
l[x
c`#
mJC
cLv
guP
j*S
i(H
nio
kqd
hHb
f]]
iQW
a/y
cu9
fun
f1r
ee:
eVb
jbl
eM@
a1=
l0%
eR,
g4/
d{&
eyv
f:,
fXx
ae4
ap$
a<(
hBX
l8E
mPj
kr0
dcW
h\v
g&4
eo3
k9`
l<:
l_~
fV7
f*@
ijS
aCu
mtz
laL
lJK
lG-
i~5
idt
h+%
jKE
k(y
azl
e-Z
gc9
er:
f_"
acy
lRt
cxL
i8&
mqv
eYZ
bE*
el>
aHL
kBW
d@x
j5\
c~k
jKS
h94
dZ}
lT~
l$X
mS"
lK.
l"{
gcT
mnj
h_5
lcE
lm?
jGz
iMg
f]`
aCs
boL
bSf
i<k
bFP
mE)
kd8
e&X
bX5
g*k
f(V
d@!
mK<
jJw
d=G
g{@
aMP
aC$
hH)
jpE
kO]
iZF
f=|
f?C
kMF
f^K
cWA
k,C
dT&
b+Z
kVB
c#5
mSp
gxo
il-
jx=
l-N
a_3
aPz
m>2
i-!
c6O
a=c
cp{
fHn
kxA
j[o
l}P
epF
i8N
iav
arh
axC
mL@
mE+
cHh
dpX
ldn
h!h
d{-
e|+
kpL
eyA
lr9
b`-
a6d
frm
e&l
buy
cO9
eM^
hZW
cdl
aB7
d96
fU?
gB{
j{d
f`6
c[X
eI)
fE5
g5R
bGA
aD0
ceG
d!s
fee
j.]
e{c
iCl
d.Q
j7>
j7J
jNh
ch!
iSf
kY,
i9^
k:8
lS<
fQc
gg9
kiY
i%{
awr
aFc
lI,
iy5
i:^
i^l
d,n
hCC
atu
b@A
jn>
e5I
e!=
fK&
bVS
mRX
c}?
f~[
iC"
d(z
c0?
fkM
hvQ
aP!
eD_
btS
g"N
aP4
cAq
c(z
g[n
fKy
g{q
d5c
aWS
loN
j)1
k>0
ab7
may
b4/
jC]
jJv
gcF
liW
h70
g,)
ar7
g<v
ll#
g7Q
cBn
d}c
a^f
cH9
aGy
l*c
kap
c)9
l/Y
e%z
e"{
lVu
jH"
g-x
lIn
m+,
mz>
iz=
bxr
l7.
c9C
meb
hJ:
f"7
e)\
kp#
a]v
ebP
e*y
e#k
es]
lvW
j:E
j3g
g+?
i"0
h[)
er$
k$x
cev
jT-
hZ[
jOD
e][
l#(
g6y
iPQ
fX%
aHw
btK
gKs
lbI
h#O
g]4
gzK
fs\
dRD
fR9
lU(
jpf
aS5
d9~
m!t
llR
cSo
mkE
f`a
nAH
f}3
kS*
hG%
a1%
eM=
m\}
kQK
ekx
f4j
k50
ayd
i""
jrr
i8h
h]n
nt-
bA7
m}'
aYp
l.o
f'O
cVQ
ch0
drT
b8}
b*w
j-d
neo
bp}
jar
gPz
fzH
fq+
mJs
h'E
aL+
bI9
f@"
h8z
dr"
mwh
muc
iSs
c&O
kro
eol
l_k
mBK
eP$
e`6
ct#
h={
aPP
hi*
kKs
agz
b<w
f4'
hjG
aO*
b-$
gS^
f3#
luL
ilz
hvz
e&i
j}?
gfs
fa'
a(:
i(Z
l\e
eA}
iv#
dI>
gIP
l)F
h9p
i:Q
k-T
c)D
krl
l+S
aYm
eW9
b4Z
ef|
a>r
htr
apz
b(t
e=|
hCO
gt5
c:Y
day
bIZ
j`"
f:a
jIf
k1?
km|
m80
g!(
dgN
cEY
jQ]
k*j
cR$
gr_
d18
j&F
l3<
hat
ck6
a|S
h@U
m=R
kgn
lbS
atk
jCA
m2o
bkV
h-=
b!q
j2E
cAH
aq1
gA5
jrt
g]}
cC3
fkj
j@G
kCN
cks
aV1
j&/
hxU
d9{
gD$
kMr
g-|
e|:
d+^
f.#
bar
d=(
mS(
mw+
ebS
fBJ
kIk
bC?
jnj
iCy
d%q
b:"
d_j
jF.
lYH
h4s
cv-
j.x
fT|
a}y
ao?
lf%
d9>
m+&
hVN
j$X
g%d
i]L
eEa
jY\
a`D
iF|
cgS
a#y
cMU
ml5
c`=
ke5
i-X
gO6
cz?
gSh
j<j
g0a
g$H
d$0
l7R
eAx
jyE
k)'
h9_
eeC
kA=
g3@
d"k
jI`
gFH
kkc
a7,
dUy
mKp
hB@
m'R
gCG
kqw
eBI
lP2
mW"
lFL
k8t
hP3
aB$
llQ
e1?
e<_
mrc
k{M
mNG
b1o
m(i
h6Q
jsw
nga
g`\
c8)
bR=
j'}
c?P
h7P
gms
dgC
l|3
b!c
aCX
c*o
l2|
bSh
j8R
dew
k@h
beH
g~O
hIh
f8s
dKD
f8+
a.'
jnl
fOP
b0G
m#p
lZ>
k(0
cWf
bhB
f^R
dtD
bCv
ahM
eSI
eR8
dr=
m1K
b1i
lq&
hZ}
a8^
e%+
l|2
ixT
lQ"
keM
cx>
j2p
kso
f+t
fhz
fl"
bG\
iLs
bT#
aV2
ezF
h`=
dZq
i4e
fMZ
iSU
nlI
jVX
joi
k2}
ng5
kp6
f/D
bWi
j]5
c'r
hN5
k=k
k<i
gID
g<!
a7x
gS/
coV
ku0
a=D
a(P
cb?
k0X
j5~
a99
j_T
j-H
dIX
kD$
cO1
l@t
g:$
l_.
mY,
hk5
m&"
e1P
f&q
kH8
mwo
be|
jjh
l,#
f'b
jXg
iP8
m>%
atX
m8T
jl4
li%
ms6
j`V
cV6
h`y
b-m
a`W
k?B
g%V
aL?
l+E
h>r
mvq
l9{
k]I
mY4
i{R
g[6
g|m
acC
cbs
f{s
fT'
l:3
hR#
ix~
hFZ
k+l
ij?
c~1
dfy
g\)
kM^
aD"
dMI
c\>
d&"
c|8
i1D
eEx
nyU
ib[
mF3
bOP
nk7
edM
iU$
bEg
d)O
cnD
ktc
i{k
jc+
nqh
h%w
j53
mkf
jl9
i1r
a9V
lhV
hK(
g)q
lK!
dX6
hDl
j<B
gg!
a>J
ncX
c?g
a>8
kv2
gvo
aeM
aIi
mQt
cp:
h/#
f_/
ahd
k45
hz"
aR\
e5=
c%~
iE8
f"&
mGa
f9i
f3t
aeN
hy!
mo5
l\6
f*K
m}K
j[c
aap
f#f
i_#
eGz
b.L
e7m
dYj
ldU
ia^
f}o
mOa
ldM
g?G
nx*
eDj
bOY
eQE
f/G
g_N
lhw
l@y
d'/
mD6
aS>
acb
d/h
dS!
af(
k@'
hl6
jQa
f4Q
a{3
j:`
hPv
aVE
a`*
nmS
c=>
jEB
e?E
igD
h:y
bD9
ke'
lCK
kLc
g-(
c_Z
glu
ex{
bcX
a<{
b70
j+^
mfr
b*'
fuK
hvm
e(?
h?D
i>D
c7+
lsI
j*?
deG
bci
l3}
f->
d[|
ct~
h<|
i/J
c`!
lg(
lBM
bjW
g/~
ki+
ggX
mj-
d[a
ncv
iM7
lGI
c0_
fG8
a#"
k3O
b`^
l(&
i{T
hce
a3g
ngO
aV[
gTZ
f=d
ggH
hRL
f\C
ga%
df=
eau
k}$
fZg
d}2
a\C
li_
kV8
dba
gnv
lk'
k?T
gHH
mOu
b8>
cjO
bGi
me(
cp)
eT[
cse
bjA
k=l
mJZ
c,l
e`9
le}
j-D
eNk
i3,
l5C
mne
m)#
h=H
a?t
k`F
j4i
bZI
b=]
j'X
hx<
f!$
c*H
nBP
mdX
dkj
mhR
hZ'
d\#
j1N
c?%
gMo
cRF
kLZ
gFN
h:I
e!$
g.k
iv+
ar#
hG@
jc.
lb}
ik_
ehI
a{P
jM9
mJ^
eJV
d$M
a"n
b2b
lED
aRp
fp0
k!8
c#]
j)i
a5{
aoE
gwo
lK8
lCo
il)
c=I
g['
lbX
i-i
mMF
iot
fl<
jDn
l'9
l#Q
b4-
b"B
c!p
hx7
dec
g$M
mkG
i|m
i*\
h1H
awL
m0!
jpX
lXz
kqx
h%g
kz]
hY9
h#i
iG^
j`F
ci1
jX`
mmH
fJW
cve
eo9
d!f
d3Y
mO!
eVP
k\!
kg7
i$^
i(u
esT
c#8
eIm
m'+
eZ>
g3V
ib=
b3l
mp(
j`U
cM*
myA
m4j
g|Q
m*U
k+O
i.o
bt`
es%
flX
j=_
hr/
h6K
f%$
ehl
awf
kQD
iH*
bW&
j"m
b)j
mQk
e6.
gL<
g4t
k]q
g35
l?r
f)p
kMX
cO6
mXH
ddf
eI%
gao
cr9
f:c
hu7
kgC
lzv
f!?
ema
h!M
ig1
l3S
j8N
g8K
ahx
h\F
dC1
gd}
am*
e.3
c#[
b9R
jp4
aGv
hQ1
kM9
j.a
f<R
mnS
kU5
i7!
h$t
l!<
h)a
arP
dV)
g>R
e+Q
dZP
dx>
k-I
j>l
hhQ
ks.
jj"
evB
bn)
a-e
i2v
h0?
d]V
h,4
k`)
mX(
l-9
iA&
h]"
jHl
m&x
iCo
hC9
iy~
eQp
ki^
fc[
ea/
bC'
k$H
mnq
m\9
ikO
kb8
d^0
k9~
do:
dEG
j0i
kNh
d{:
ai^
dkV
lOq
j`7
kfu
b,.
ge<
jgC
lS"
eeV
l6X
g.m
c.n
j.M
dT9
l.h
kRC
jF{
cAC
iMG
i#9
aHu
j.m
g-s
kRe
aG_
erO
fiK
do{
e=q
c5f
efG
if2
jEZ
bh4
bYF
i}%
np}
k<D
nfX
nl"
k*5
ly:
fJc
e\D
ej_
iBU
gU2
ltg
dIu
cT.
crP
aLO
hoX
lkk
fI.
lP6
fpf
g.j
dpS
k#S
k/9
lc/
j2e
d*I
k*}
mjU
hoj
aq?
iW&
ar"
cA`
joU
l4n
jaE
b~,
bO(
aOc
d5'
ly3
iF:
h0Q
bx0
cJW
kPs
aQu
h77
gdK
hAr
dLf
fe&
gOl
mt2
g`|
miH
hZU
iW|
g>0
cgv
ln'
k%6
d?d
ay[
aTR
aT}
l"=
j)q
g11
mbJ
cEy
c>&
c#)
j4.
i,M
dE2
kO.
i-(
gOY
mQn
cx9
d7L
