FILE: problem1.in
Max Score: 
68899499.51
KnapSack: 
gastric_starts
retired_history
tender_calibration
mad_airspeeds
wise_puncture
tender_detents
shiny_glaze
various_discipline
rational_wayside
apparent_disgust
impressed_stretches
profitable_apostrophe
relieved_minority
shiny_gangway
precise_spokes
kind_chairperson
comparable_generation
tricky_wagons
lengthy_temperatures
invisible_love
disturbed_humans
liquid_recipients
bitter_surveyors
plain_fakes
better_limp
identical_rumble
marvellous_bonds
embarrassed_levels
sensitive_ladders
worried_counter
stale_tomorrows
slow_slinging
embarrassed_specialist
lonely_schematics
then_cosals
faint_raincoat
smoggy_applications
traditional_whispers
patient_clothes
experienced_spade
juicy_painter
internal_fingers
illegal_soaps
rising_victims
potential_sirens
varied_exercise
rational_lane
federal_specifications
wicked_solenoids
doubtful_navy
spectacular_knots
wet_labor
preliminary_summaries
mid_decoder
quiet_noises
curly_plead
exceptional_usages
swiss_flanges
square_temperatures
bewildered_remedy
domestic_passbook
wide_eyed_fall
theoretical_difference
greek_attributes
monthly_sash
shivering_suppressions
fantastic_children
indirect_courtesies
tender_lender
principal_hardware
thoughtless_visibilities
happy_scopes
international_abbreviations
optimistic_partner
rough_relays
efficient_rope
german_splitter
funny_leakages
responsible_system
dominant_brackets
wicked_men
foreign_coins
only_radians
courageous_dip
well_district
neighbouring_transportation
testy_gangways
wonderful_exhibits
grey_universe
ministerial_generators
full_time_fractures
fierce_torque
greasy_nameplates
large_lubrication
elegant_landings
emotional_wages
immense_feeders
unusual_pulse
quickest_lieutenant
binding_wingnut
brainy_fastener
practical_motels
outstanding_railways
limited_raincoat
responsible_augmentation
political_specification
misleading_suppression
encouraging_holddown
linear_diaries
functional_april
immediate_pat
outrageous_rail
anxious_males
slim_august
remote_hydraulics
exotic_track
fuzzy_mouth
ethical_basement
clinical_inclinations
ancient_braid
linear_drugs
delicious_commitment
hostile_liquor
immense_result
wasteful_apron
frightened_taxi
influential_hump
sad_dopes
fierce_knock
multiple_significance
dying_docks
integrated_reductions
educational_resolution
whole_inlet
faithful_contents
weekly_tars
sympathetic_oaks
pure_signalmen
passing_slates
political_prefixes
artistic_coil
awful_positions
vertical_mornings
healthy_completion
relaxed_exercises
serious_stump
brief_second
open_dopes
complete_tar
critical_cosals
big_spills
pretty_wear
military_twigs
cruel_cones
likely_varieties
fixed_formation
tasteless_nausea
integrated_clang
purple_evidence
intimate_clothing
underground_bat
correct_presumptions
bright_towers
superior_ceilings
able_desert
little_disabilities
rich_nickels
religious_division
philosophical_accountabilities
increased_range
incredible_navies
cultural_encounter
intermediate_box
static_choice
fat_intents
palestinian_bridges
hilarious_faces
industrial_fellows
automatic_diamond
energetic_public
hidden_parallels
surprised_commission
legislative_copies
molecular_radius
eerie_burn
spotty_directories
joint_paws
unlikely_complaints
consistent_targets
blind_angle
net_chase
unable_wins
small_electronics
gradual_exposures
furious_cups
late_buckets
generous_hangars
dead_invoice
running_lens
lucky_improvements
liquid_valley
glad_refrigerators
fragile_surveys
bad_beads
wet_binoculars
happy_generations
whispering_restrictions
frail_classification
eventual_abrasion
amused_facts
complex_closure
upset_splice
firm_wastes
realistic_manufacturers
fixed_prisons
labour_acquittal
combative_lane
horrible_area
red_administrators
striped_takeoff
functional_amplitudes
joyous_paper
broad_progress
native_exercises
enthusiastic_fireball
sleepy_oscillations
adorable_dispatches
clinical_cakes
racial_plead
drab_offer
friendly_blades
corporate_darts
sheer_schoolrooms
cooing_admissions
uniform_twins
fond_reviews
fierce_catch
familiar_offenders
enthusiastic_summer
overseas_hands
scary_multimeters
high_quarts
hissing_ohms
industrial_audit
physical_establishments
rare_lane
associated_spark
premier_throats
rough_jams
appropriate_destruction
efficient_associates
linguistic_ears
precise_lee
calm_holds
polite_figure
big_coins
excellent_dose
friendly_pots
harsh_stones
impressive_union
gradual_leak
limited_stalls
famous_hatchets
silly_defection
crude_light
worried_writings
superb_grids
long_collars
characteristic_silence
remaining_oils
alright_pack
deep_insanities
super_limb
economic_centimeter
invisible_code
ready_jacks
comprehensive_inference
broad_incentives
sticky_adherences
dangerous_help
dominant_tick
head_horns
coming_baseline
greek_batches
double_principals
easy_atmosphere
prior_respect
confidential_firefighting
zany_cavity
northern_cases
clinical_minerals
fluffy_berth
increased_feed
unable_makes
poor_difficulty
loud_tide
frail_success
sole_airfield
growing_alcoholism
calm_prices
stiff_topic
encouraging_roller
key_patterns
precise_counselor
hollow_dishes
large_prices
popular_tongue
personal_hygiene
full_time_bottle
proud_realinements
mild_abrasions
lively_packs
purple_user
comfortable_regulator
inquisitive_relationships
elderly_stair
video_taped_defection
intellectual_spins
thorough_joint
comparative_classes
potential_dresses
net_schedules
productive_crowd
realistic_spoons
expected_crops
wet_fixture
dutch_till
cautious_decoder
sacred_automobile
low_runners
awkward_category
cold_intent
silly_offense
financial_recognitions
extensive_discretion
strong_chiefs
envious_awards
awful_headsets
late_count
pretty_fibers
urban_hyphens
okay_refrigerators
marine_watts
forthcoming_kicks
amateur_size
damp_conversion
black_professionals
gigantic_yields
long_factories
critical_braces
firm_sixes
organic_needle
managerial_choice
strategic_leaper
appropriate_bays
afraid_sills
funny_years
invisible_channel
massive_insertion
developing_farads
logical_vol.
federal_weldings
heavy_theory
vast_bars
middle_class_latches
agreeable_locations
juicy_loss
probable_machines
quick_wine
homeless_division
instant_shouts
minimal_sink
scared_address
tense_stator
juicy_links
odd_cracks
changing_azimuth
rapid_parties
encouraging_shoe
mathematical_book
terrible_patch
keen_conferences
uncomfortable_mists
fluttering_deputies
rare_lighters
stiff_directive
civic_trainers
thundering_winch
raspy_networks
northern_potato
complicated_validations
happy_lanes
dark_shave
local_wreck
harsh_spare
valid_adhesive
marked_conjunctions
square_misalignments
breezy_matter
optimistic_security
little_sides
stupid_trackers
old_ohm
tight_neutron
meaningful_chains
rational_subordinates
subtle_surge
working_can
universal_propeller
apparent_dopes
welcome_reluctance
specific_returns
unaware_tackle
visible_models
fascinating_knocks
ideological_voltages
religious_antennas
loyal_closure
urban_yells
busy_azimuths
lengthy_mirrors
great_tie
statutory_complexes
gradual_feelings
gothic_fridays
compulsory_cellar
full_time_spades
helpless_rock
victorian_pier
wet_nets
frantic_treatment
psychiatric_pitch
dead_collection
electric_swings
excess_probe
full_time_weights
residential_chest
tall_baths
far_chemical
bright_electron
overwhelming_embosses
average_interface
worrying_receptacle
square_jurisdiction
judicial_highways
joint_pits
organisational_orifices
shivering_corps
similar_thermometer
quiet_trims
above_checker
sound_gram
teenage_diaries
fluffy_pair
rolling_shelves
good_dabs
genuine_classes
emotional_intelligence
everyday_layer
helpful_cleat
nineteenth_century_gardens
thirsty_lookouts
hollow_nonavailability
essential_substitutes
required_relation
canadian_notation
massive_industry
burning_footings
broad_logic
hidden_delight
sensitive_restaurants
deep_triggers
select_petitions
chilly_recruits
weak_here
comparable_counselors
cheap_monitors
representative_accrual
cuddly_flap
excessive_discounts
outside_ambiguity
tough_shouts
opposite_trails
handsome_bells
tame_intent
happy_meats
important_tens
colossal_apples
ultimate_interviewer
determined_rowers
classical_being
abundant_quiet
mushy_transportation
hilarious_shotline
hurt_dials
environmental_canister
prior_lashes
bright_pen
confused_mark
sophisticated_guide
civilian_ladders
prickly_metrics
mixed_indicator
hon_twins
beneficial_publications
voluntary_canister
zealous_basics
charming_giants
short_reduction
parallel_data
upper_machines
agreeable_nomenclatures
amused_limitations
aggressive_structure
bored_interview
worldwide_stuff
liberal_semicolons
parliamentary_twenties
moral_hoofs
sexual_hulls
plastic_chairmen
political_carburetor
accused_occasions
clear_fruits
english_bristle
hot_plot
controversial_pyramid
inquisitive_inclines
political_amperage
forward_hashmark
sound_offers
plain_custom
formal_forecastle
changing_skirts
pregnant_much
innocent_enclosures
clean_trims
thoughtful_places
binding_pistons
rural_rainbows
protestant_artillery
evident_engineering
brief_compressor
small_tumbles
lesser_tone
clumsy_ornaments
criminal_jumper
calm_expense
dead_crusts
desirable_ratios
right_root
spicy_peas
dear_formulas
giant_conferences
probable_rail
stable_airships
abstract_kits
depressed_complement
forthcoming_longitude
repulsive_runaways
political_escorts
continuous_death
intelligent_airships
male_duress
fucking_cab
attractive_refurbishment
formal_drydock
chilly_rowers
modern_clicks
frozen_receipt
blind_thirds
scientific_vents
depressed_tag
fancy_structure
improved_expansion
only_boxcars
fantastic_paste
female_knobs
firm_danger
disabled_conduct
fashionable_defection
direct_claps
colorful_symbol
warm_outlet
puny_alcoholism
precious_bank
binding_interior
intensive_filter
spectacular_insanities
geographical_retirement
ugly_allotments
sunny_minuses
absolute_condenser
mathematical_flicker
solid_erasers
underlying_points
shy_groves
parliamentary_market
oral_dips
nutty_methods
cautious_squeaks
repulsive_preference
ugly_turns
modest_sailors
doubtful_forecasts
funny_call
naval_yields
high_sons
expected_acre
global_geography
crooked_entrances
alleged_difficulty
theoretical_slate
shivering_meal
hot_blinks
respectable_addition
unusual_daughters
dry_width
unchanged_debits
compulsory_cliffs
realistic_stub
natural_arrivals
square_words
territorial_way
missing_vendor
patient_circuits
mute_deposits
contemporary_zone
helpless_shoulder
hungry_bullet
hard_claw
prior_school
late_tank
social_actions
long_routine
subjective_medals
optimistic_tens
minimum_roadside
happy_schematics
varied_tens
fancy_procedure
late_escapes
medieval_electrons
hissing_fields
prepared_tubs
advanced_directions
stingy_war
thoughtful_bronze
extraordinary_detentions
broken_islands
worrying_ensign
greek_bushels
black_column
eastern_loaves
conscious_churches
superior_vehicle
immense_commitment
teenage_feather
wasteful_distance
historic_silver
quaint_ride
wealthy_stoppers
curly_stoppers
clumsy_hoops
detailed_coder
labour_trackers
surprised_burn
advanced_moon
american_explosions
spotty_beacons
arbitrary_guideline
civic_rejections
furious_lake
standard_cuts
hidden_magneto
square_weapons
unchanged_record
inland_stretchers
public_prisms
level_policy
key_weeds
statutory_military
ripe_bullet
melted_hull
watery_review
practical_interviewers
intimate_west
magic_baths
condemned_aptitudes
doubtful_administrator
safe_cruisers
clever_groves
intensive_readings
cheap_semaphores
radical_currency
lexical_basket
plain_auto
constitutional_alert
tart_paragraph
loud_segment
dark_chills
ugly_proofs
mechanical_slides
favourite_choice
glorious_saturdays
maximum_implantations
protective_checkouts
ugly_command
male_stub
able_pond
open_mountain
noisy_fasteners
amazing_cleat
small_grain
grumpy_seasoning
near_human
human_governors
resonant_hook
bad_circumstance
head_fuels
tiny_transits
supposed_class
intensive_lips
clean_horns
isolated_agreements
rough_clothing
magnificent_hinges
creepy_boiler
socialist_grants
internal_odor
compatible_register
high_pitched_test
distinctive_method
psychological_ribbon
individual_volt
heavy_extras
favourable_washes
shiny_toothpicks
sophisticated_video
preferred_reservists
strict_exhibits
precious_rainbows
outstanding_checker
embarrassed_breaks
rear_dollars
superior_craft
big_sabotage
eldest_lump
nasty_radiation
helpful_pushes
terrible_pressures
precious_circumferences
reasonable_anthems
various_spikes
arrogant_test
initial_twig
orange_sums
worthy_beacon
damp_signal
vast_suits
eastern_painter
turkish_cart
strange_enlistment
missing_agents
relevant_tolerance
ratty_shaves
isolated_trucks
bloody_bay
keen_jurisdiction
tremendous_bundle
detailed_babies
selected_road
rude_capstan
equal_oils
christian_journey
middle_procurement
melted_minute
magic_vol.
stingy_dares
primitive_checkout
silent_sap
quiet_originators
northern_spaces
sheer_journal
evident_incomes
rapid_sweeper
boring_helmet
difficult_try
better_ropes
concerned_clothes
used_curve
different_mercury
uneven_pins
yummy_marines
geographical_turns
disturbed_hour
unchanged_metrics
certain_computer
impossible_stacks
concerned_overlay
inland_confinements
symbolic_evaluation
short_term_motors
notable_burglaries
unfortunate_preventions
technological_dollar
healthy_cams
monetary_tolerance
prior_passes
electrical_spacer
select_multisystems
worried_worksheet
ordinary_insulation
protestant_breach
accurate_quality
western_parachutes
deaf_hall
irish_streak
well_known_mix
jittery_terminologies
previous_punishment
modern_hisses
determined_tub
irrelevant_complaints
explicit_situations
great_mention
continental_trim
liable_rice
lost_glove
tory_tackle
democratic_bill
sticky_quarter
powerful_rains
collective_lesson
grand_face
bad_implementations
sorry_energizer
underground_share
active_halves
domestic_breath
exclusive_okays
cute_buzzer
helpful_dangers
tender_clothes
voluntary_crawl
colorful_margins
awkward_yields
imaginative_constitution
clear_reactions
integrated_boiler
blank_dish
oral_warships
ugly_shipping
funny_result
icy_economies
planned_acquisition
magnetic_dissipation
faithful_locks
tropical_eleven
palestinian_discontinuations
lost_furnaces
stable_grades
intermediate_giants
disastrous_subprogram
nutty_chokes
superb_drains
low_agent
working_class_arithmetic
marginal_superlatives
outstanding_degree
uninterested_keyboards
worldwide_wage
strict_link
guilty_start
curly_rear
blank_convenience
fast_switches
big_apprenticeships
missing_modifications
eventual_rattles
victorian_vapors
mobile_wardrooms
unknown_biases
original_mind
happy_towel
adverse_spray
chosen_recruits
broken_rotor
identical_pistols
racial_cleanliness
orange_credit
tall_folds
alleged_valve
scornful_scabs
incredible_basics
inadequate_headsets
inappropriate_conjunctions
deep_watts
genetic_indicate
tall_meters
asian_submarining
outside_rounds
uneven_advancements
european_extenuations
cool_roads
weekly_coordinate
hon_audits
quick_examination
jewish_types
swiss_swap
naked_puddles
governing_patients
excited_ounce
tight_sap
professional_takeoff
many_payroll
occupational_apple
professional_journey
subtle_hours
decent_diagonals
disturbing_evenings
familiar_tongues
protestant_jack
strange_shade
spiritual_analyst
shocked_blast
middle_coders
independent_suppressions
shiny_catalog
delicious_tension
alleged_stationery
blue_change
japanese_blank
outdoor_addressee
rich_conjecture
southern_wound
tasteless_gum
aggressive_tides
encouraging_neck
confidential_mothers
delicious_girls
multiple_liters
alert_cuts
vague_habit
glad_book
secret_parcels
annual_skips
giant_abbreviation
flat_indexes
special_provisions
chilly_students
beautiful_transformers
historical_vacuum
bewildered_receipts
advanced_visitor
central_transactions
multiple_crowns
inner_permit
permanent_traps
useful_soils
energetic_asterisk
alleged_messes
gigantic_patter
intellectual_sport
monetary_splints
shy_chemistry
small_manufacturer
marvellous_branches
beautiful_transaction
exceptional_sleeves
royal_owner
perfect_whistle
drab_week
massive_yarns
unnecessary_counters
narrow_casts
intelligent_signals
sympathetic_finish
sore_propellers
kind_mixture
straight_trains
concrete_odds
legislative_amplitude
curved_grade
resulting_miss
successful_diaphragm
voiceless_nurses
tart_win
powerful_watt
wide_eyed_processors
visible_employees
social_back
dirty_part
quickest_adaptions
fierce_purchaser
required_performance
wild_armfuls
lonely_packs
intact_equation
optimistic_winding
noble_accruement
strict_dollar
weary_stem
spontaneous_amplifier
characteristic_dependence
hungry_obligations
mid_operators
latin_turbines
continuous_expansions
widespread_screwdriver
identical_rumbles
obvious_chairpersons
governing_interview
hostile_punishment
registered_visibilities
australian_lifts
crazy_collection
fuzzy_businesses
geographical_legend
neutral_desertions
uncomfortable_troop
feminist_rejections
foreign_clips
enthusiastic_peacetime
indian_owner
redundant_commendation
plain_interface
naked_atoms
continental_humidity
weird_expenditure
okay_quartermasters
significant_games
inclined_blaze
blushing_handwriting
voiceless_occasion
cheerful_surges
worried_sentries
powerful_tubs
able_witness
glad_addressees
probable_recommendations
constant_aid
blind_tests
tense_soles
mathematical_blows
brave_stowage
elated_apprehension
jealous_weave
gradual_chairpersons
overwhelming_bather
encouraging_hat
local_handful
mechanical_sidewalks
delicate_lumps
novel_eights
old_fashioned_humor
limited_throttles
korean_solution
great_plead
bare_hunt
extreme_canister
arbitrary_alcoholics
misty_shelves
modern_mass
toxic_plays
silent_embosses
sound_helmsman
spontaneous_instrumentation
sporting_subsystem
long_blades
final_masses
lively_generals
appropriate_appeal
clear_metrics
black_cushion
usual_locomotives
surviving_paints
payable_clangs
remarkable_colds
multiple_adhesives
ancient_depositions
straight_tablets
wee_augmentations
resulting_plant
huge_doubt
surprised_discards
selected_operands
defensive_struts
steady_operator
skinny_glow
jittery_lee
important_typewriter
faithful_chit
real_verses
peculiar_can
technical_child
shocked_stones
combined_hubs
biological_recovery
exciting_pushdown
well_readiness
distinct_repair
silly_tens
ugliest_possession
ill_lot
islamic_rowboat
cautious_love
curious_yolk
dangerous_hunks
short_colds
bad_scenes
required_hump
nineteenth_century_junction
proper_response
corresponding_features
strategic_lime
conscious_cheeks
chosen_position
hollow_areas
verbal_shoes
then_tables
vocational_photodiodes
acceptable_legends
working_hygiene
colorful_glue
stiff_mix
brainy_buoy
equivalent_merchant
mental_talker
real_buzzer
blue_cups
brief_kettles
open_ovens
lively_sunshine
everyday_process
following_specialization
closed_freezes
isolated_ribs
fucking_validation
common_practice
shaggy_improvement
permanent_tabs
only_tracker
pure_discipline
lonely_cartridge
quaint_ores
ultimate_sunset
ill_chance
breakable_reactions
ashamed_candle
drunk_increase
ancient_buffer
flying_patches
adjacent_student
soft_glance
separate_initiators
regular_frame
intimate_leather
forthcoming_route
characteristic_clumps
alone_accountabilities
odd_coins
joint_realignments
weird_parachute
theoretical_beliefs
circular_commanders
musical_environment
ltd_nozzle
persistent_preparation
aware_owner
domestic_superlatives
mathematical_submissions
alright_addressee
friendly_contraband
victorious_metrics
linguistic_trucks
ugly_thousand
abundant_metals
proper_inquiry
painful_moss
casual_pump
constant_remainder
sharp_chest
stable_peaks
favourable_sterilizers
only_truths
magnificent_attachments
witty_conspiracies
fit_topside
precious_weeds
lost_chests
tense_inspections
elegant_habit
commercial_terminator
loyal_auditors
smart_bar
sympathetic_provision
wealthy_contrasts
critical_accessories
hot_limes
long_holder
blank_boilers
defiant_cap
fucking_money
male_struts
immense_trade
stuck_serial
convenient_mind
possible_thoughts
private_digits
genuine_splitters
passing_half
african_assignment
very_chin
blushing_creeks
mammoth_generators
married_tapers
light_transfers
racial_method
light_sources
right_emergencies
steady_raincoats
broken_helmsmen
divine_discrepancy
ridiculous_spike
nutty_blast
open_nulls
bitter_facility
depressed_misfit
juicy_addition
eventual_radius
printed_contempt
jittery_gold
long_entrapment
rough_settlements
lexical_rescues
territorial_instruction
worried_objective
proposed_items
armed_winches
casual_aim
shrill_vouchers
conservative_bulb
functional_lids
delightful_bank
autonomous_jumpers
gross_advances
wet_coder
worried_yield
cuddly_plots
original_benefit
developed_muscle
loyal_ease
obliged_income
proud_rims
unusual_focus
narrow_success
independent_diaphragms
harsh_users
tory_priority
scientific_hoops
middle_class_highways
alive_delight
environmental_vibrations
asian_blots
involved_pay
hurt_licks
gigantic_nods
selective_trunk
deep_shotlines
short_remainders
reasonable_nineties
subtle_holddowns
naked_signal
registered_fetches
faithful_builders
colossal_mailboxes
financial_junk
academic_listings
loud_citizen
broad_sting
purring_guidance
special_meetings
precious_car
steady_barriers
korean_evaluation
obnoxious_certificates
leading_matter
convenient_kites
grotesque_limbs
open_acceleration
final_launch
acute_limitations
filthy_giant
long_bullets
bad_specifications
glorious_garage
early_doorsteps
uneven_backs
attractive_response
confused_lift
disabled_performances
distinct_liter
roasted_motor
internal_elimination
robust_disasters
helpful_frames
determined_impact
asleep_glides
empty_module
colossal_indicator
smooth_affiants
married_condition
loose_facepieces
coherent_peck
lively_zips
troubled_swing
pale_rice
helpful_dimensions
broad_sum
commercial_alphabet
grim_chairman
boiling_investigators
peculiar_defeat
flaky_harness
primary_weld
initial_riddles
informal_prime
melted_weed
incredible_crank
arbitrary_time
alright_shed
modest_detail
uncertain_turnarounds
upset_mule
gigantic_silks
profitable_legging
beautiful_pipe
prickly_cylinder
controversial_walk
passing_pictures
dusty_brooks
classical_confidences
particular_tooth
horrible_limps
strong_distributor
watery_disciplines
passive_entry
icy_resident
characteristic_warning
industrial_wheels
relieved_kills
honest_watches
correct_swims
royal_haul
actual_respects
average_watches
bitter_excesses
colourful_gangs
wooden_log
upper_wake
mysterious_fetch
dramatic_cannons
linguistic_painter
royal_directives
individual_neglect
ripe_misalignments
frantic_ensign
abundant_rebounds
pale_pools
nineteenth_century_commander
wide_degree
creepy_packs
accepted_gunpowder
bad_biases
awake_outlines
proper_weave
bloody_ocean
large_lighters
shallow_sabotage
rough_rags
satisfied_stuffing
wet_documents
helpful_bushes
perfect_submarined
creepy_month
reasonable_names
exact_forces
exact_engineer
wild_usages
hidden_activity
detailed_straightener
sympathetic_puncture
correct_blankets
varied_hoofs
new_magnets
comparative_lessons
clean_details
english_walks
biological_dents
occupational_cause
static_ditto
worried_pints
helpful_allowances
depressed_stump
aggregate_door
united_ribbons
possible_rush
distinct_gallon
sunny_analyzers
crooked_exhausts
open_mops
estimated_choices
persistent_shot
unusual_towel
elated_dolly
urgent_crops
frightened_velocities
raw_kiloliter
extra_couple
sympathetic_choice
mathematical_analyzer
shallow_mint
scary_computer
fine_realignment
husky_badges
administrative_braces
quick_qualifiers
married_appearance
simple_bureaus
wonderful_plans
low_harmony
aggressive_plating
productive_contribution
annoyed_recruiters
secondary_balloon
stuck_spray
delighted_drifts
valid_rebound
separate_oxygen
additional_whistles
gigantic_nouns
arbitrary_resolution
liberal_toolbox
dreadful_burglaries
stiff_bunches
giant_skirt
gigantic_handles
unacceptable_terrain
dangerous_overtime
gigantic_ladder
different_dip
diverse_suction
quaint_catch
helpful_trap
crude_regions
considerable_misalinements
burning_navies
administrative_fathoms
native_notice
tasty_proficiencies
deep_aircraft
wasteful_bed
extended_runoff
unsightly_radius
resonant_handle
conceptual_credits
big_commander
intensive_child
living_springs
practical_proportions
massive_grooves
numerous_deployments
muddy_crowd
variable_combat
empty_segments
innocent_grinder
individual_friends
bottom_licks
sparkling_shame
canadian_rights
traditional_receiver
gross_science
neighbouring_violations
horizontal_discharges
innocent_engines
extended_duties
tasteless_tap
catholic_airspeed
adverse_rumble
present_shelter
primary_damages
grateful_bushing
dirty_subroutine
puzzled_engine
bloody_modes
lengthy_submarining
silent_junction
worried_deaths
joyous_groups
worried_states
roasted_staple
related_width
bewildered_disabilities
judicial_rudder
awkward_carpets
sticky_alignments
wide_play
spare_calibration
reluctant_liberties
straight_parties
simple_arch
chubby_monolith
protestant_signals
related_brother
managerial_swell
confused_drive
wet_peacetime
popular_proposes
costly_stones
left_installation
mathematical_polls
environmental_factories
english_ratios
parental_plates
payable_winches
upset_mill
historical_daughter
indirect_oxygen
involved_altimeters
round_exchanges
professional_circumstances
minimal_cruiser
available_strands
labour_apprenticeships
systematic_worms
uptight_solution
naked_shame
unusual_choices
modern_accuracy
continuous_utilization
presidential_rowboats
australian_sunrise
formidable_worm
overall_democracies
deaf_operator
ashamed_thousands
instant_waves
cuddly_splints
normal_tenth
entire_cart
passive_markets
soft_cab
anxious_office
fair_democracies
swift_crewmembers
elegant_ovens
homeless_roar
clean_arrivals
western_balloons
developed_apostrophe
certain_owner
envious_overloads
weekly_prompts
sharp_partners
short_term_mop
spotless_ringing
acceptable_attractions
equal_quality
controversial_panes
functional_preservation
whispering_race
nasty_bushes
lively_fabrications
homeless_schoolroom
required_contract
permanent_drinks
fragile_addresses
small_chill
terrible_ensign
printed_carriers
musical_comfort
glorious_distortion
useless_marble
balanced_inductance
prepared_dioxide
successful_comparison
individual_mountains
casual_steamer
canadian_rewards
continued_update
misty_transfers
inner_boxcar
apparent_spade
gentle_ventilation
fast_presence
head_arraignment
illegal_turbulence
modern_equator
chosen_barges
political_amount
conceptual_tenth
good_feathers
promising_swaps
pleasant_wounds
shallow_runner
tender_illustration
valid_shows
allied_overload
lovely_furnace
cheap_felt
unexpected_blink
foolish_fishes
religious_member
criminal_compressor
grotesque_detents
victorious_mast
rude_deflectors
nineteenth_century_chart
massive_ease
favourite_survival
military_clamp
obedient_text
rich_leaf
registered_massed
polite_lines
uniform_sand
available_mosses
complicated_trailers
distinguished_disease
shivering_coder
warm_priority
jealous_tenths
gleaming_posts
tasteless_volume
cautious_pack
moral_respirations
realistic_eighths
massive_fear
holy_hail
unconscious_traps
so_called_suits
sleepy_surge
technical_raincoats
digital_costs
satisfied_nineties
unknown_cranks
unexpected_timers
tiny_race
fat_saturdays
modern_grants
shaky_wholesale
previous_honks
curious_bunk
unknown_gangways
precious_quartermasters
random_deputy
fierce_silences
dying_sparks
awake_economy
living_space
insufficient_spins
red_key
armed_fifteen
mobile_cycles
hard_rice
unsightly_rescue
terrible_seesaws
foolish_standards
gigantic_principal
comprehensive_subordinate
busy_folds
annual_swimmers
available_cabinet
single_spindles
helpful_holder
lonely_reams
spicy_muscle
nutritious_morning
continued_tree
muddy_mates
male_form
unpleasant_divers
fixed_fishes
prospective_documentations
immense_varactors
planned_patients
atomic_carbon
high_habit
running_tons
reasonable_rams
hot_quartermaster
friendly_buildings
fiscal_tempers
watery_blades
short_dyes
decisive_ranges
ready_cars
brief_hunk
crooked_visibilities
ill_skin
dark_tone
obliged_donor
mass_abrasives
fair_gold
aggressive_cockpit
tired_plots
petite_feathers
parliamentary_land
inclined_implantation
strange_mixes
absent_abuses
muddy_rails
vast_exteriors
teenage_system
broad_ones
irish_duress
damaged_operability
friendly_movements
coloured_string
nutty_properties
fat_mistrials
english_hospitals
solid_dollar
middle_class_condensation
compact_donor
frightened_tender
thorough_bolts
sympathetic_film
breakable_swabs
fresh_rewards
specified_dependencies
kind_degree
busy_models
western_stage
welcome_harbors
charming_acronym
fierce_malfunction
domestic_records
bad_isolation
icy_runouts
gorgeous_events
theoretical_electronics
fresh_graphs
remaining_trees
legal_clothing
helpful_hit
near_troop
endless_utilizations
big_mop
autonomous_shops
unique_blackboards
straightforward_glass
rubber_software
like_nature
short_term_folder
silly_copies
worthwhile_oscillations
physical_navies
green_abrasives
low_start
zealous_alarm
magic_loss
serious_spray
suspicious_vendor
gorgeous_adaptions
mad_breeze
residential_wedding
chubby_withdrawal
soft_worth
homely_uncertainties
effective_commendation
ideal_offers
patient_vapors
thin_chair
patient_acquittals
clean_eddies
strong_study
influential_ability
elderly_reading
lonely_resource
complete_gallon
informal_mattress
blushing_combination
wise_windlasses
comparative_pushups
stormy_highlines
identical_drunk
clever_discrepancies
irish_deposits
running_dawn
quiet_helms
sleepy_path
injured_managements
wise_village
uninterested_conductors
convinced_blades
unique_reservist
confused_blade
aesthetic_tag
asian_subordinates
delicate_teaching
assistant_tail
fair_attackers
stiff_rights
alternative_tide
reliable_blades
standard_grip
desperate_beat
encouraging_flange
social_housefall
wee_servant
brief_firearm
deaf_basins
joint_boil
crowded_offense
big_qualifications
frozen_deposition
relative_tenths
tiny_compressors
registered_concentration
unable_bunch
tasty_services
green_interests
exuberant_electrician
typical_ramp
mysterious_winch
sound_indicator
obnoxious_amperages
brave_carelessness
relieved_reels
sure_book
safe_scratchpad
occupational_language
purple_thermometers
soft_ditches
previous_resistance
advisory_telecommunications
optimistic_flesh
yummy_servos
mighty_customs
verbal_milliliters
conservative_hit
motionless_morning
combined_lockers
pink_seasoning
ordinary_missions
human_cakes
excited_mounts
essential_addition
senior_submission
mammoth_qualifications
anxious_lantern
profound_shore
technical_subject
convincing_header
only_schedules
many_warehouses
creepy_policies
healthy_fold
delighted_mules
quaint_churn
warm_receipts
evolutionary_miner
extra_deployments
retired_bypasses
near_traps
inland_boxcar
minimal_ordnance
tan_averages
cute_colons
isolated_vessel
young_ounce
endless_schooling
industrial_appropriations
delightful_prompts
sound_wool
ashamed_sector
mysterious_equator
coastal_disassemblies
key_detail
shy_scenes
unfortunate_disposal
vocational_aptitude
whispering_waste
nice_desk
marxist_itinerary
purring_evacuation
panicky_bridge
high_strut
excessive_acronyms
double_nods
equivalent_interfaces
puzzled_flames
certain_scissors
square_thursdays
increasing_video
immense_filter
naked_chock
powerful_whispers
disabled_triggers
bloody_tones
ambitious_cheese
racial_halyard
bright_characteristics
white_diesels
marine_mechanic
distinctive_purpose
commercial_stencils
conscious_formation
jolly_displacement
intimate_reactions
full_time_stability
ideological_abbreviations
sensitive_dealers
welsh_basin
accepted_recess
ratty_price
low_gyroscope
wooden_circuit
elderly_sewer
itchy_assistance
central_neutrons
historical_east
effective_configuration
decisive_candidate
ambitious_hem
hot_teller
previous_allegations
indirect_benches
funny_drafts
grieving_shoes
proper_commitment
oral_mile
running_fashions
lexical_coordinates
roasted_life
unwilling_spacer
green_catches
worthwhile_zone
autonomous_chips
managerial_fractures
changing_attribute
round_hazards
bloody_mixtures
inevitable_planes
previous_railway
bewildered_laws
continuous_writing
repulsive_saying
respectable_mediums
swift_crown
solar_electrolytes
green_grade
acceptable_civilians
metropolitan_hoods
purple_guest
specified_decorations
easy_test
troubled_swings
scary_damages
repulsive_dictionaries
graceful_fall
chubby_claws
vast_tubing
nuclear_contract
global_counts
widespread_junk
nervous_math
fluffy_acceptor
efficient_leaper
accessible_crafts
running_commission
marked_surges
static_transiting
heavy_prism
experienced_events
indirect_weave
ashamed_stretch
accused_lubrication
surprised_conflict
wet_oscillation
intense_termination
cool_pointers
primary_buoy
weak_shortages
impossible_surplus
irrelevant_pea
joint_fixture
total_fireplug
written_reduction
mechanical_occasion
retired_trains
glorious_dams
calm_copper
lazy_breast
empty_stoppering
gastric_raincoats
soft_lining
nosy_diagrams
friendly_implantation
mute_suspects
blank_accountability
awful_purposes
precise_users
early_chits
clean_frosts
quaint_electrician
miniature_lifetimes
nice_litres
quiet_judgment
general_elapses
welcome_brakes
mighty_replenishments
junior_latches
nice_balloons
human_chemical
angry_ceremonies
short_customers
scary_centerlines
intensive_math
reasonable_washers
flat_members
select_coal
palestinian_painters
simple_firings
broad_impulses
eldest_jump
causal_staples
vital_capacitance
mighty_bases
visiting_twist
clean_abettors
compact_heater
dangerous_eighties
net_occasions
swift_candle
skilled_values
continuous_courtesies
ambitious_baseline
ideal_backs
remote_cockpits
middle_retailers
obliged_poisons
happy_lightning
courageous_missile
glad_daughter
low_quarterdecks
only_fact
old_fashioned_desertions
strong_tensions
tremendous_harmonies
okay_marbles
tense_brooks
full_discontinuations
voiceless_accessory
tiny_escape
upset_stake
chief_student
capitalist_jars
single_software
serious_rainbow
drab_observer
nervous_interpreters
hissing_nation
mental_envelopes
joyous_elevation
hard_abrasives
colorful_listing
known_exchanges
part_time_acid
empirical_pop
super_chief
cognitive_lookout
local_networks
blue_apple
missing_broadcasts
damp_workman
many_lent
interesting_science
glad_principle
liberal_wastes
competitive_vicinities
loud_battles
swiss_factor
evolutionary_friday
mid_withdrawals
funny_ticket
obvious_drip
flexible_fall
very_eraser
musical_deposits
welcome_plead
illegal_governors
redundant_manpower
sensible_surface
distant_zeros
distinct_routine
mysterious_reserve
planned_dopes
grubby_morning
scared_outboards
narrow_crust
proud_chests
artistic_helm
strange_oscillations
mature_acquittal
female_ovens
worried_gums
advanced_catalogs
hungry_tractor
cloudy_barometers
wooden_developments
supporting_awards
vulnerable_coordinate
chubby_extensions
known_sentence
skinny_look
cautious_fatigues
surprising_radius
real_angle
unchanged_accrual
spanish_courts
better_writings
stuck_rolls
commercial_programs
raspy_reproductions
probable_claws
ashamed_pins
foolish_grove
appropriate_airplane
round_navies
ultimate_sides
harsh_desertion
agreed_leaders
unsightly_bridges
short_adviser
probable_attention
juicy_accruement
reluctant_pipe
growing_augmentation
dull_recording
chubby_statement
corresponding_disposal
happy_glands
empty_pupils
blank_stair
cautious_purchases
wet_condensation
liberal_commitment
professional_butter
dirty_threes
attractive_silences
decisive_ground
qualified_spar
previous_blazes
brief_trick
strong_excuse
political_overflow
short_term_intent
forthcoming_letters
able_beans
excellent_stretches
satisfied_knives
ill_can
odd_accrual
democratic_overcoat
scary_messengers
static_books
fluttering_replacement
upset_economy
scared_dab
minimal_architecture
disgusted_destinations
hon_crank
superb_comments
western_grain
boring_complements
domestic_chemistry
selected_commas
right_twig
frantic_standardizations
traditional_structure
excessive_clerks
accused_limp
important_splitter
responsible_verification
disappointed_connections
used_meter
intensive_report
peculiar_pressures
depressed_truth
rural_triangle
confident_waste
clear_rivers
grand_brackets
accessible_trips
civil_blurs
equal_nurse
scientific_funds
loud_laces
confident_thirty
damp_signatures
improved_savings
specific_scabs
urgent_kiss
clinical_submarined
impressed_change
noisy_thins
realistic_fives
horrible_nouns
sure_pecks
equivalent_helm
innovative_characteristic
underlying_weeks
prominent_desk
numerous_raise
beautiful_analyzer
fundamental_loaf
creepy_litre
annoyed_azimuth
gleaming_mixtures
defeated_props
psychological_brace
unchanged_documentations
smoggy_importance
roasted_universe
many_donors
complicated_projectiles
involved_conjunction
beautiful_face
old_injuries
shy_community
hard_plead
worried_cases
accepted_gates
energetic_terminations
pretty_drags
resonant_flags
corresponding_berries
stiff_person
impressive_gum
premier_offset
fine_tax
genuine_glues
sensible_doses
zany_programs
late_shells
foolish_firer
troubled_cents
partial_suction
global_oaks
great_stripes
iraqi_particles
straightforward_standards
numerous_sails
chief_canvas
changing_shoe
obnoxious_chairpersons
parliamentary_interviews
defensive_garages
raw_silences
unable_patrol
senior_pools
dear_technicians
angry_magnitude
back_hem
round_subtasks
eventual_slices
wrong_dials
warm_lessons
then_hairs
old_snows
empirical_health
puzzled_circulations
raspy_event
solar_punishment
tired_davit
obnoxious_greases
strange_completion
flexible_sequence
rising_sleep
defeated_bushels
creepy_pail
wide_clouds
obedient_churn
informal_winches
existing_throttle
excited_slinging
managerial_accusations
rich_forty
inherent_detection
purring_witnesses
tropical_assistants
faithful_fridays
parliamentary_restaurants
average_wound
arrogant_navigations
numerous_mist
definite_wagons
supporting_inspections
disastrous_mechanics
lesser_probes
cuddly_quantities
unusual_relationship
burning_score
many_recruiter
digital_forearm
okay_wage
itchy_thirty
tall_slopes
grumpy_arraignments
registered_fabrication
worldwide_spade
pleasant_detention
sufficient_duplicate
intense_hisses
grieving_fights
