FILE: problem3.in
Max Score: 
477682077.7
KnapSack: 
item55459
item5397
item15346
item7104
item16694
item24626
item62420
item50258
item39178
item49901
item41340
item27561
item5320
item46424
item24649
item47726
item45020
item31452
item21571
item41343
item25188
item11650
item3713
item49170
item5466
item50257
item44909
item51522
item49887
item31467
item33118
item13523
item52362
item62385
item38546
item19868
item66279
item21016
item33479
item27077
item15343
item38601
item17369
item57030
item44553
item52741
item11672
item19689
item52353
item12162
item11480
item65607
item27564
item43199
item8641
item46193
item12386
item49143
item63180
item66306
item6411
item8652
item31465
item5316
item11471
item60820
item59327
item52870
item60637
item30535
item19423
item51524
item13512
item52632
item22771
item46403
item43965
item6387
item52889
item41323
item27532
item24659
item5363
item21038
item50046
item31454
item25163
item54504
item60750
item28042
item19693
item60593
item63197
item43184
item6437
item43197
item65173
item46211
item39194
item52358
item44906
item41337
item58196
item25175
item66299
item27503
item6421
item27487
item44007
item5156
item30540
item3696
item30628
item60801
item24656
item55893
item62396
item232
item44953
item60615
item19627
item21007
item16699
item45044
item43964
item8656
item49912
item33459
item41316
item38586
item47644
item11663
item56999
item63207
item3729
item24545
item42369
item39157
item16665
item52397
item33438
item51552
item47659
item17259
item15365
item5367
item25191
item7061
item3678
item7856
item63229
item8664
item33439
item43968
item22732
item5340
item22713
item6399
item45730
item52884
item58225
item24571
item39186
item15312
item11665
item55857
item1795
item24768
item17327
item18398
item19683
item12444
item46431
item58185
item16655
item60628
item62404
item750
item60757
item13545
item54540
item55486
item6403
item19859
item8924
item8662
item60834
item42370
item27488
item45034
item24770
item24582
item27061
item59145
item3709
item738
item41342
item22748
item8642
item6428
item17340
item11656
item45005
item59135
item46426
item33581
item44907
item8666
item39216
item41355
item33462
item31385
item45725
item33435
item24554
item33168
item39172
item50053
item3672
item27572
item46373
item7060
item39159
item7794
item11664
item22782
item6412
item44570
item65579
item19851
item19645
item43981
item3249
item3712
item45719
item19644
item62423
item33151
item17307
item62416
item50055
item18384
item17321
item30470
item3673
item19880
item45022
item12417
item51571
item47638
item60810
item52390
item55473
item7090
item52879
item60599
item25204
item47712
item27500
item43996
item59321
item11485
item38567
item5420
item44958
item47685
item22757
item7053
item44012
item17277
item46419
item60872
item51549
item3725
item1811
item12446
item52847
item47660
item56988
item51578
item21029
item38543
item50243
item54474
item62441
item58210
item1792
item7045
item31401
item19422
item11508
item16632
item17254
item57213
item3280
item33442
item63247
item25161
item43987
item49147
item28024
item24532
item19450
item12442
item7828
item12372
item27492
item306
item13520
item6442
item746
item225
item12395
item54486
item19691
item17248
item5418
item31469
item7092
item3257
item43974
item41358
item55482
item60753
item3253
item57020
item52865
item11531
item62436
item65215
item46399
item24558
item50259
item38570
item19657
item49876
item30529
item52746
item57255
